[13:08:10] [main/WARN] (FabricLoader/Knot) Class path entries reference missing files: /home/jens/git/fabric-example-mod/build/classes/java/client, /home/jens/git/fabric-example-mod/build/resources/client - the game may not load properly!
[13:08:10] [main/INFO] (FabricLoader/GameProvider) Loading Minecraft 1.18 with Fabric Loader 0.17.2
[13:08:10] [main/DEBUG] (FabricLoader/GamePatch) Found game constructor: net.minecraft.client.main.Main -> net.minecraft.client.MinecraftClient
[13:08:10] [main/DEBUG] (FabricLoader/GamePatch) Patching game constructor <init>(Lnet/minecraft/client/RunArgs;)V
[13:08:10] [main/DEBUG] (FabricLoader/GamePatch) Run directory field is thought to be net/minecraft/client/MinecraftClient/runDirectory
[13:08:10] [main/DEBUG] (FabricLoader/GamePatch) Applying brand name hook to net/minecraft/client/ClientBrandRetriever::getClientModName
[13:08:10] [main/DEBUG] (FabricLoader/GamePatch) Applying brand name hook to net/minecraft/server/MinecraftServer::getServerModName
[13:08:10] [main/DEBUG] (FabricLoader/Mappings) Loading mappings took 152,65 ms
[13:08:10] [main/DEBUG] (FabricLoader/GamePatch) Patched 4 classs
[13:08:10] [main/DEBUG] (FabricLoader/Discovery) Skipping missing class path group entry /home/jens/git/fabric-example-mod/build/classes/java/client
[13:08:10] [main/DEBUG] (FabricLoader/Discovery) Skipping missing class path group entry /home/jens/git/fabric-example-mod/build/resources/client
[13:08:10] [main/DEBUG] (FabricLoader/Discovery) Mod discovery time: 20,8 ms
[13:08:10] [main/DEBUG] (FabricLoader/Resolution) Mod resolution time: 58,2 ms
[13:08:10] [main/INFO] (FabricLoader) Loading 5 mods:
	- fabricloader 0.17.2
	- java 25
	- minecraft 1.18
	- mixinextras 0.5.0
	- scb 1.0.0
[13:08:10] [main/DEBUG] (FabricLoader/Knot) Adding /home/jens/git/fabric-example-mod/build/classes/java/main to classpath.
[13:08:10] [main/DEBUG] (FabricLoader/Knot) Adding /home/jens/git/fabric-example-mod/build/resources/main to classpath.
[13:08:10] [main/DEBUG] (FabricLoader/Knot) Adding /home/jens/.gradle/caches/modules-2/files-2.1/io.github.llamalad7/mixinextras-fabric/0.5.0/91a83dfb7abd320f6236bd1fcf5c0ff143d59a13/mixinextras-fabric-0.5.0.jar to classpath.
[13:08:10] [main/INFO] (FabricLoader/Mixin) SpongePowered MIXIN Subsystem Version=0.8.7 Source=file:/home/jens/.gradle/caches/modules-2/files-2.1/net.fabricmc/sponge-mixin/0.16.3+mixin.0.8.7/3e535042688d1265447e52ad86950b7d9678a5fa/sponge-mixin-0.16.3+mixin.0.8.7.jar Service=Knot/Fabric Env=CLIENT
[13:08:10] [main/DEBUG] (FabricLoader/Mixin) Initialising Mixin Platform Manager
[13:08:10] [main/DEBUG] (FabricLoader/Mixin) Adding mixin platform agents for container ContainerHandleURI(file:///home/jens/.gradle/caches/modules-2/files-2.1/net.fabricmc/fabric-loader/0.17.2/647622ac4163aad5ed5f79ccb532e31225562aa/fabric-loader-0.17.2.jar)
[13:08:10] [main/DEBUG] (FabricLoader/Mixin) Instancing new MixinPlatformAgentDefault for ContainerHandleURI(file:///home/jens/.gradle/caches/modules-2/files-2.1/net.fabricmc/fabric-loader/0.17.2/647622ac4163aad5ed5f79ccb532e31225562aa/fabric-loader-0.17.2.jar)
[13:08:10] [main/DEBUG] (FabricLoader/Mixin) MixinPlatformAgentDefault accepted container ContainerHandleURI(file:///home/jens/.gradle/caches/modules-2/files-2.1/net.fabricmc/fabric-loader/0.17.2/647622ac4163aad5ed5f79ccb532e31225562aa/fabric-loader-0.17.2.jar)
[13:08:10] [main/DEBUG] (FabricLoader/Mixin) Instancing new MixinPlatformAgentDefault for ContainerHandleURI(file:///home/jens/.gradle/caches/modules-2/files-2.1/net.fabricmc/fabric-loader/0.17.2/647622ac4163aad5ed5f79ccb532e31225562aa/fabric-loader-0.17.2.jar)
[13:08:10] [main/DEBUG] (FabricLoader/Mixin) MixinPlatformAgentDefault accepted container ContainerHandleURI(file:///home/jens/.gradle/caches/modules-2/files-2.1/net.fabricmc/fabric-loader/0.17.2/647622ac4163aad5ed5f79ccb532e31225562aa/fabric-loader-0.17.2.jar)
[13:08:10] [main/DEBUG] (FabricLoader/Mixin) Processing prepare() for PlatformAgent[MixinPlatformAgentDefault:ContainerHandleURI(file:///home/jens/.gradle/caches/modules-2/files-2.1/net.fabricmc/fabric-loader/0.17.2/647622ac4163aad5ed5f79ccb532e31225562aa/fabric-loader-0.17.2.jar)]
[13:08:10] [main/DEBUG] (FabricLoader/Mixin) Processing prepare() for PlatformAgent[MixinPlatformAgentDefault:ContainerHandleURI(file:///home/jens/.gradle/caches/modules-2/files-2.1/net.fabricmc/fabric-loader/0.17.2/647622ac4163aad5ed5f79ccb532e31225562aa/fabric-loader-0.17.2.jar)]
[13:08:10] [main/INFO] (FabricLoader/Mixin) Loaded Fabric development mappings for mixin remapper!
[13:08:10] [main/DEBUG] (FabricLoader/Mixin) Compatibility level JAVA_21 specified by scb.mixins.json is higher than the maximum level supported by this version of mixin (JAVA_13).
[13:08:10] [main/INFO] (FabricLoader/Mixin) Compatibility level set to JAVA_21
[13:08:10] [main/DEBUG] (FabricLoader/Mixin) Mixin config scb.mixins.json does not specify "minVersion" or "requiredFeatures" property
[13:08:10] [main/DEBUG] (FabricLoader/Knot) Adding /home/jens/.gradle/caches/fabric-loom/minecraftMaven/net/minecraft/minecraft-clientonly/1.18-net.fabricmc.yarn.1_18.1.18+build.1-v2/minecraft-clientonly-1.18-net.fabricmc.yarn.1_18.1.18+build.1-v2.jar to classpath.
[13:08:10] [main/DEBUG] (FabricLoader/Knot) Adding /home/jens/.gradle/caches/fabric-loom/1.18/net.fabricmc.yarn.1_18.1.18+build.1-v2/mappings.jar to classpath.
[13:08:10] [main/DEBUG] (FabricLoader/Knot) Adding /home/jens/.gradle/caches/modules-2/files-2.1/io.github.llamalad7/mixinextras-fabric/0.5.0/91a83dfb7abd320f6236bd1fcf5c0ff143d59a13/mixinextras-fabric-0.5.0.jar to classpath.
[13:08:10] [main/DEBUG] (FabricLoader/Knot) Adding /home/jens/.gradle/caches/modules-2/files-2.1/net.fabricmc/dev-launch-injector/0.2.1+build.8/da8bef7e6e2f952da707f282bdb46882a0fce5e3/dev-launch-injector-0.2.1+build.8.jar to classpath.
[13:08:10] [main/DEBUG] (FabricLoader/Knot) Adding /home/jens/.gradle/caches/modules-2/files-2.1/com.mojang/blocklist/1.0.6/7039c2c6209064ee4132cea7a0737b63b92c725e/blocklist-1.0.6.jar to classpath.
[13:08:10] [main/DEBUG] (FabricLoader/Knot) Adding /home/jens/.gradle/caches/modules-2/files-2.1/com.github.oshi/oshi-core/5.8.2/3a4c610d5991654009653e55b3204065441e2f0d/oshi-core-5.8.2.jar to classpath.
[13:08:10] [main/DEBUG] (FabricLoader/Knot) Adding /home/jens/.gradle/caches/modules-2/files-2.1/net.java.dev.jna/jna/5.9.0/8f503e6d9b500ceff299052d6be75b38c7257758/jna-5.9.0.jar to classpath.
[13:08:10] [main/DEBUG] (FabricLoader/Knot) Adding /home/jens/.gradle/caches/modules-2/files-2.1/net.java.dev.jna/jna-platform/5.9.0/c535a5bda553d7d7690356c825010da74b2671b5/jna-platform-5.9.0.jar to classpath.
[13:08:10] [main/DEBUG] (FabricLoader/Knot) Adding /home/jens/.gradle/caches/modules-2/files-2.1/com.ibm.icu/icu4j/69.1/ff666ac55986650893aacb9e2e0003538e9799c0/icu4j-69.1.jar to classpath.
[13:08:10] [main/DEBUG] (FabricLoader/Knot) Adding /home/jens/.gradle/caches/modules-2/files-2.1/com.mojang/javabridge/1.2.24/c876796229b2ef5120f186eab5acc870699d3b9/javabridge-1.2.24.jar to classpath.
[13:08:10] [main/DEBUG] (FabricLoader/Knot) Adding /home/jens/.gradle/caches/modules-2/files-2.1/net.sf.jopt-simple/jopt-simple/5.0.4/4fdac2fbe92dfad86aa6e9301736f6b4342a3f5c/jopt-simple-5.0.4.jar to classpath.
[13:08:10] [main/DEBUG] (FabricLoader/Knot) Adding /home/jens/.gradle/caches/modules-2/files-2.1/io.netty/netty-all/4.1.68.Final/b8266a3c93c1c051109f71d3449e5dcd5d60b333/netty-all-4.1.68.Final.jar to classpath.
[13:08:10] [main/DEBUG] (FabricLoader/Knot) Adding /home/jens/.gradle/caches/modules-2/files-2.1/com.google.guava/failureaccess/1.0.1/1dcf1de382a0bf95a3d8b0849546c88bac1292c9/failureaccess-1.0.1.jar to classpath.
[13:08:10] [main/DEBUG] (FabricLoader/Knot) Adding /home/jens/.gradle/caches/modules-2/files-2.1/com.google.guava/guava/31.0.1-jre/119ea2b2bc205b138974d351777b20f02b92704b/guava-31.0.1-jre.jar to classpath.
[13:08:10] [main/DEBUG] (FabricLoader/Knot) Adding /home/jens/.gradle/caches/modules-2/files-2.1/org.apache.commons/commons-lang3/3.12.0/c6842c86792ff03b9f1d1fe2aab8dc23aa6c6f0e/commons-lang3-3.12.0.jar to classpath.
[13:08:10] [main/DEBUG] (FabricLoader/Knot) Adding /home/jens/.gradle/caches/modules-2/files-2.1/commons-io/commons-io/2.11.0/a2503f302b11ebde7ebc3df41daebe0e4eea3689/commons-io-2.11.0.jar to classpath.
[13:08:10] [main/DEBUG] (FabricLoader/Knot) Adding /home/jens/.gradle/caches/modules-2/files-2.1/commons-codec/commons-codec/1.15/49d94806b6e3dc933dacbd8acb0fdbab8ebd1e5d/commons-codec-1.15.jar to classpath.
[13:08:10] [main/DEBUG] (FabricLoader/Knot) Adding /home/jens/.gradle/caches/modules-2/files-2.1/com.mojang/brigadier/1.0.18/c1ef1234282716483c92183f49bef47b1a89bfa9/brigadier-1.0.18.jar to classpath.
[13:08:10] [main/DEBUG] (FabricLoader/Knot) Adding /home/jens/.gradle/caches/modules-2/files-2.1/com.mojang/datafixerupper/4.0.26/ebd6690f33871ccee9b6132c6480668ee2e35020/datafixerupper-4.0.26.jar to classpath.
[13:08:10] [main/DEBUG] (FabricLoader/Knot) Adding /home/jens/.gradle/caches/modules-2/files-2.1/org.apache.commons/commons-compress/1.21/4ec95b60d4e86b5c95a0e919cb172a0af98011ef/commons-compress-1.21.jar to classpath.
[13:08:10] [main/DEBUG] (FabricLoader/Knot) Adding /home/jens/.gradle/caches/modules-2/files-2.1/org.apache.httpcomponents/httpclient/4.5.13/e5f6cae5ca7ecaac1ec2827a9e2d65ae2869cada/httpclient-4.5.13.jar to classpath.
[13:08:10] [main/DEBUG] (FabricLoader/Knot) Adding /home/jens/.gradle/caches/modules-2/files-2.1/commons-logging/commons-logging/1.2/4bfc12adfe4842bf07b657f0369c4cb522955686/commons-logging-1.2.jar to classpath.
[13:08:10] [main/DEBUG] (FabricLoader/Knot) Adding /home/jens/.gradle/caches/modules-2/files-2.1/org.apache.httpcomponents/httpcore/4.4.14/9dd1a631c082d92ecd4bd8fd4cf55026c720a8c1/httpcore-4.4.14.jar to classpath.
[13:08:10] [main/DEBUG] (FabricLoader/Knot) Adding /home/jens/.gradle/caches/modules-2/files-2.1/it.unimi.dsi/fastutil/8.5.6/76f95700418a68fbc4ac050525261f05dc681ca1/fastutil-8.5.6.jar to classpath.
[13:08:10] [main/DEBUG] (FabricLoader/Knot) Adding /home/jens/.gradle/caches/modules-2/files-2.1/org.lwjgl/lwjgl/3.3.2/4421d94af68e35dcaa31737a6fc59136a1e61b94/lwjgl-3.3.2.jar to classpath.
[13:08:10] [main/DEBUG] (FabricLoader/Knot) Adding /home/jens/.gradle/caches/modules-2/files-2.1/org.lwjgl/lwjgl-jemalloc/3.3.2/877e17e39ebcd58a9c956dc3b5b777813de0873a/lwjgl-jemalloc-3.3.2.jar to classpath.
[13:08:10] [main/DEBUG] (FabricLoader/Knot) Adding /home/jens/.gradle/caches/modules-2/files-2.1/org.lwjgl/lwjgl-openal/3.3.2/ae5357ed6d934546d3533993ea84c0cfb75eed95/lwjgl-openal-3.3.2.jar to classpath.
[13:08:10] [main/DEBUG] (FabricLoader/Knot) Adding /home/jens/.gradle/caches/modules-2/files-2.1/org.lwjgl/lwjgl-opengl/3.3.2/ee8e95be0b438602038bc1f02dc5e3d011b1b216/lwjgl-opengl-3.3.2.jar to classpath.
[13:08:10] [main/DEBUG] (FabricLoader/Knot) Adding /home/jens/.gradle/caches/modules-2/files-2.1/org.lwjgl/lwjgl-glfw/3.3.2/757920418805fb90bfebb3d46b1d9e7669fca2eb/lwjgl-glfw-3.3.2.jar to classpath.
[13:08:10] [main/DEBUG] (FabricLoader/Knot) Adding /home/jens/.gradle/caches/modules-2/files-2.1/org.lwjgl/lwjgl-stb/3.3.2/a2550795014d622b686e9caac50b14baa87d2c70/lwjgl-stb-3.3.2.jar to classpath.
[13:08:10] [main/DEBUG] (FabricLoader/Knot) Adding /home/jens/.gradle/caches/modules-2/files-2.1/org.lwjgl/lwjgl-tinyfd/3.3.2/9f65c248dd77934105274fcf8351abb75b34327c/lwjgl-tinyfd-3.3.2.jar to classpath.
[13:08:10] [main/DEBUG] (FabricLoader/Knot) Adding /home/jens/.gradle/caches/modules-2/files-2.1/com.mojang/text2speech/1.11.3/f378f889797edd7df8d32272c06ca80a1b6b0f58/text2speech-1.11.3.jar to classpath.
[13:08:10] [main/DEBUG] (FabricLoader/Knot) Adding /home/jens/.gradle/caches/fabric-loom/minecraftMaven/net/minecraft/minecraft-clientonly/1.18-net.fabricmc.yarn.1_18.1.18+build.1-v2/minecraft-clientonly-1.18-net.fabricmc.yarn.1_18.1.18+build.1-v2.jar to classpath.
[13:08:10] [main/DEBUG] (FabricLoader/Knot) Adding /home/jens/.gradle/caches/fabric-loom/minecraftMaven/net/minecraft/minecraft-common/1.18-net.fabricmc.yarn.1_18.1.18+build.1-v2/minecraft-common-1.18-net.fabricmc.yarn.1_18.1.18+build.1-v2.jar to classpath.
[13:08:10] [main/DEBUG] (FabricLoader/Knot) Adding /home/jens/.gradle/caches/modules-2/files-2.1/org.jline/jline-reader/3.20.0/8f15415b022a25b473e8e16c28ae913186ffb9c4/jline-reader-3.20.0.jar to classpath.
[13:08:10] [main/DEBUG] (FabricLoader/Knot) Adding /home/jens/.gradle/caches/modules-2/files-2.1/org.jline/jline-terminal/3.20.0/d0ddcc708ddf527a3454c941b7b9225cc83a15ff/jline-terminal-3.20.0.jar to classpath.
[13:08:10] [main/DEBUG] (FabricLoader/Knot) Adding /home/jens/git/fabric-example-mod/build/classes/java/main to classpath.
[13:08:10] [main/DEBUG] (FabricLoader/Knot) Adding /home/jens/git/fabric-example-mod/build/resources/main to classpath.
[13:08:10] [main/DEBUG] (FabricLoader/Entrypoint) No subscribers for entrypoint 'preLaunch'
[13:08:10] [main/DEBUG] (FabricLoader/Mixin) Preparing mixins for MixinEnvironment[DEFAULT]
[13:08:10] [main/DEBUG] (FabricLoader/Mixin) Selecting config scb.mixins.json
[13:08:10] [main/DEBUG] (FabricLoader/Mixin) Selecting config mixinextras.init.mixins.json
[13:08:10] [main/DEBUG] (FabricLoader/MixinExtras|Service) com.llamalad7.mixinextras.service.MixinExtrasServiceImpl(version=0.5.0) is taking over from null
[13:08:10] [main/DEBUG] (FabricLoader/Mixin) Registering new injector for @Inject with org.spongepowered.asm.mixin.injection.struct.CallbackInjectionInfo
[13:08:10] [main/DEBUG] (FabricLoader/Mixin) Registering new injector for @ModifyArg with org.spongepowered.asm.mixin.injection.struct.ModifyArgInjectionInfo
[13:08:10] [main/DEBUG] (FabricLoader/Mixin) Registering new injector for @ModifyArgs with org.spongepowered.asm.mixin.injection.struct.ModifyArgsInjectionInfo
[13:08:10] [main/DEBUG] (FabricLoader/Mixin) Registering new injector for @Redirect with org.spongepowered.asm.mixin.injection.struct.RedirectInjectionInfo
[13:08:10] [main/DEBUG] (FabricLoader/Mixin) Registering new injector for @ModifyVariable with org.spongepowered.asm.mixin.injection.struct.ModifyVariableInjectionInfo
[13:08:10] [main/DEBUG] (FabricLoader/Mixin) Registering new injector for @ModifyConstant with org.spongepowered.asm.mixin.injection.struct.ModifyConstantInjectionInfo
[13:08:10] [main/DEBUG] (FabricLoader/Mixin) Preparing scb.mixins.json (1)
[13:08:10] [main/DEBUG] (FabricLoader/Mixin) Preparing mixinextras.init.mixins.json (0)
[13:08:10] [main/DEBUG] (io.netty.util.internal.logging.InternalLoggerFactory) Using SLF4J as the default logging framework
[13:08:10] [main/DEBUG] (io.netty.util.ResourceLeakDetector) -Dio.netty.leakDetection.level: simple
[13:08:10] [main/DEBUG] (io.netty.util.ResourceLeakDetector) -Dio.netty.leakDetection.targetRecords: 4
[13:08:11] [main/INFO] (FabricLoader/MixinExtras|Service) Initializing MixinExtras via com.llamalad7.mixinextras.service.MixinExtrasServiceImpl(version=0.5.0).
[13:08:11] [main/DEBUG] (FabricLoader/Mixin) Registering new injector for @SugarWrapper with com.llamalad7.mixinextras.sugar.impl.SugarWrapperInjectionInfo
[13:08:11] [main/DEBUG] (FabricLoader/Mixin) Registering new injector for @FactoryRedirectWrapper with com.llamalad7.mixinextras.wrapper.factory.FactoryRedirectWrapperInjectionInfo
[13:08:11] [main/DEBUG] (FabricLoader/Mixin) Registering new injector for @ExpressionInjectorWrapper with com.llamalad7.mixinextras.expression.impl.wrapper.ExpressionInjectorWrapperInjectionInfo
[13:08:11] [main/DEBUG] (FabricLoader/Mixin) Mixing PlayerEntityMixin from scb.mixins.json into net.minecraft.entity.player.PlayerEntity
[13:08:11] [main/DEBUG] (FabricLoader/Mixin) scb.mixins.json:PlayerEntityMixin from mod scb->@Inject::isCreativeLevelTwoOp(Lorg/spongepowered/asm/mixin/injection/callback/CallbackInfoReturnable;)V does use it's CallbackInfoReturnable
[13:08:11] [main/DEBUG] (oshi.util.FileUtil) Reading file /proc/cpuinfo
[13:08:11] [main/DEBUG] (oshi.util.FileUtil) Reading file /proc/cpuinfo
[13:08:11] [main/DEBUG] (oshi.util.FileUtil) Reading file /proc/meminfo
[13:08:11] [main/DEBUG] (oshi.util.FileUtil) Reading file /proc/meminfo
[13:08:15] [Render thread/INFO] (com.mojang.authlib.yggdrasil.YggdrasilAuthenticationService) Environment: authHost='https://authserver.mojang.com', accountsHost='https://api.mojang.com', sessionHost='https://sessionserver.mojang.com', servicesHost='https://api.minecraftservices.com', name='PROD'
[13:08:15] [Render thread/DEBUG] (com.mojang.authlib.minecraft.client.MinecraftClient) Connecting to https://api.minecraftservices.com/player/attributes
[13:08:17] [Render thread/ERROR] (net.minecraft.client.MinecraftClient) Failed to verify authentication
com.mojang.authlib.exceptions.InvalidCredentialsException: Status: 401
	at com.mojang.authlib.exceptions.MinecraftClientHttpException.toAuthenticationException(MinecraftClientHttpException.java:56) ~[authlib-3.2.38.jar:?]
	at com.mojang.authlib.yggdrasil.YggdrasilUserApiService.fetchProperties(YggdrasilUserApiService.java:132) ~[authlib-3.2.38.jar:?]
	at com.mojang.authlib.yggdrasil.YggdrasilUserApiService.<init>(YggdrasilUserApiService.java:44) ~[authlib-3.2.38.jar:?]
	at com.mojang.authlib.yggdrasil.YggdrasilAuthenticationService.createUserApiService(YggdrasilAuthenticationService.java:153) ~[authlib-3.2.38.jar:?]
	at net.minecraft.client.MinecraftClient.createUserApiService(MinecraftClient.java:670) [minecraft-clientonly-1.18-net.fabricmc.yarn.1_18.1.18+build.1-v2.jar:?]
	at net.minecraft.client.MinecraftClient.<init>(MinecraftClient.java:424) [minecraft-clientonly-1.18-net.fabricmc.yarn.1_18.1.18+build.1-v2.jar:?]
	at net.minecraft.client.main.Main.main(Main.java:197) [minecraft-clientonly-1.18-net.fabricmc.yarn.1_18.1.18+build.1-v2.jar:?]
	at net.fabricmc.loader.impl.game.minecraft.MinecraftGameProvider.launch(MinecraftGameProvider.java:506) [fabric-loader-0.17.2.jar:?]
	at net.fabricmc.loader.impl.launch.knot.Knot.launch(Knot.java:72) [fabric-loader-0.17.2.jar:?]
	at net.fabricmc.loader.impl.launch.knot.KnotClient.main(KnotClient.java:23) [fabric-loader-0.17.2.jar:?]
	at net.fabricmc.devlaunchinjector.Main.main(Main.java:86) [dev-launch-injector-0.2.1+build.8.jar:?]
Caused by: com.mojang.authlib.exceptions.MinecraftClientHttpException: Status: 401
	at com.mojang.authlib.minecraft.client.MinecraftClient.readInputStream(MinecraftClient.java:78) ~[authlib-3.2.38.jar:?]
	at com.mojang.authlib.minecraft.client.MinecraftClient.get(MinecraftClient.java:48) ~[authlib-3.2.38.jar:?]
	at com.mojang.authlib.yggdrasil.YggdrasilUserApiService.fetchProperties(YggdrasilUserApiService.java:113) ~[authlib-3.2.38.jar:?]
	... 9 more
[13:08:17] [Render thread/INFO] (net.minecraft.client.MinecraftClient) Setting user: Player596
[13:08:17] [Render thread/DEBUG] (FabricLoader/Entrypoint) No subscribers for entrypoint 'main'
[13:08:17] [Render thread/DEBUG] (FabricLoader/Entrypoint) No subscribers for entrypoint 'client'
[13:08:17] [Render thread/INFO] (net.minecraft.client.MinecraftClient) Backend library: LWJGL version 3.3.2-snapshot
[13:08:18] [Render thread/INFO] (net.minecraft.util.logging.LoggerPrintStream) [STDERR]: [LWJGL] [ThreadLocalUtil] Unsupported JNI version detected, this may result in a crash. Please inform LWJGL developers.
[13:08:18] [Render thread/DEBUG] (oshi.util.FileUtil) Reading file /proc/cpuinfo
[13:08:18] [Render thread/DEBUG] (oshi.util.FileUtil) Reading file /proc/cpuinfo
[13:08:19] [Render thread/DEBUG] (com.mojang.blaze3d.systems.RenderSystem) Growing IndexBuffer: Old limit 0, new limit 9360.
[13:08:19] [Render thread/DEBUG] (com.mojang.blaze3d.systems.RenderSystem) Growing IndexBuffer: Old limit 0, new limit 20.
[13:08:19] [Render thread/DEBUG] (io.netty.util.internal.InternalThreadLocalMap) -Dio.netty.threadLocalMap.stringBuilder.initialSize: 1024
[13:08:19] [Render thread/DEBUG] (io.netty.util.internal.InternalThreadLocalMap) -Dio.netty.threadLocalMap.stringBuilder.maxSize: 4096
[13:08:19] [Render thread/DEBUG] (io.netty.util.internal.ThreadLocalRandom) -Dio.netty.initialSeedUniquifier: 0xc5c74fc09263080d
[13:08:20] [Render thread/WARN] (com.mojang.text2speech.NarratorLinux) ERROR : Couldn't load Narrator library : Unable to load library 'fliteWrapper':
libflite.so.1: Kann die Shared-Object-Datei nicht öffnen: Datei oder Verzeichnis nicht gefunden
libflite.so.1: Kann die Shared-Object-Datei nicht öffnen: Datei oder Verzeichnis nicht gefunden
Native library (linux-x86-64/libfliteWrapper.so) not found in resource path (/home/jens/git/fabric-example-mod/build/classes/java/client:/home/jens/git/fabric-example-mod/build/resources/client:/home/jens/.gradle/caches/fabric-loom/1.18/net.fabricmc.yarn.1_18.1.18+build.1-v2/mappings.jar:/home/jens/.gradle/caches/modules-2/files-2.1/org.ow2.asm/asm/9.8/dc19ecb3f7889b7860697215cae99c0f9b6f6b4b/asm-9.8.jar:/home/jens/.gradle/caches/modules-2/files-2.1/org.ow2.asm/asm-analysis/9.8/b9747a320844b6cb1eacd90d8ecfd260a16c01d3/asm-analysis-9.8.jar:/home/jens/.gradle/caches/modules-2/files-2.1/org.ow2.asm/asm-commons/9.8/36e4d212970388e5bd2c5180292012502df461bb/asm-commons-9.8.jar:/home/jens/.gradle/caches/modules-2/files-2.1/org.ow2.asm/asm-tree/9.8/18419ca5b77a2f81097c741e7872e6ab8d2f40d/asm-tree-9.8.jar:/home/jens/.gradle/caches/modules-2/files-2.1/org.ow2.asm/asm-util/9.8/395f1c1f035258511f27bc9b2583d76e4b143f59/asm-util-9.8.jar:/home/jens/.gradle/caches/modules-2/files-2.1/net.fabricmc/sponge-mixin/0.16.3+mixin.0.8.7/3e535042688d1265447e52ad86950b7d9678a5fa/sponge-mixin-0.16.3+mixin.0.8.7.jar:/home/jens/.gradle/caches/modules-2/files-2.1/io.github.llamalad7/mixinextras-fabric/0.5.0/91a83dfb7abd320f6236bd1fcf5c0ff143d59a13/mixinextras-fabric-0.5.0.jar:/home/jens/.gradle/caches/modules-2/files-2.1/net.fabricmc/dev-launch-injector/0.2.1+build.8/da8bef7e6e2f952da707f282bdb46882a0fce5e3/dev-launch-injector-0.2.1+build.8.jar:/home/jens/.gradle/caches/modules-2/files-2.1/net.minecrell/terminalconsoleappender/1.3.0/b562e9bb61235c9520e26282cdee71f8f802d1fc/terminalconsoleappender-1.3.0.jar:/home/jens/.gradle/caches/modules-2/files-2.1/com.mojang/blocklist/1.0.6/7039c2c6209064ee4132cea7a0737b63b92c725e/blocklist-1.0.6.jar:/home/jens/.gradle/caches/modules-2/files-2.1/com.mojang/patchy/2.1.6/ce112c16c6275fdfff2d30208533ec906a191f71/patchy-2.1.6.jar:/home/jens/.gradle/caches/modules-2/files-2.1/com.github.oshi/oshi-core/5.8.2/3a4c610d5991654009653e55b3204065441e2f0d/oshi-core-5.8.2.jar:/home/jens/.gradle/caches/modules-2/files-2.1/net.java.dev.jna/jna/5.9.0/8f503e6d9b500ceff299052d6be75b38c7257758/jna-5.9.0.jar:/home/jens/.gradle/caches/modules-2/files-2.1/net.java.dev.jna/jna-platform/5.9.0/c535a5bda553d7d7690356c825010da74b2671b5/jna-platform-5.9.0.jar:/home/jens/.gradle/caches/modules-2/files-2.1/org.slf4j/slf4j-api/1.8.0-beta4/83b0359d847ee053d745be7ec0d8e9e8a44304b4/slf4j-api-1.8.0-beta4.jar:/home/jens/.gradle/caches/modules-2/files-2.1/org.apache.logging.log4j/log4j-slf4j18-impl/2.14.1/312b4d91b21160b9fab43600fa787f31e8cab930/log4j-slf4j18-impl-2.14.1.jar:/home/jens/.gradle/caches/modules-2/files-2.1/com.ibm.icu/icu4j/69.1/ff666ac55986650893aacb9e2e0003538e9799c0/icu4j-69.1.jar:/home/jens/.gradle/caches/modules-2/files-2.1/com.mojang/javabridge/1.2.24/c876796229b2ef5120f186eab5acc870699d3b9/javabridge-1.2.24.jar:/home/jens/.gradle/caches/modules-2/files-2.1/net.sf.jopt-simple/jopt-simple/5.0.4/4fdac2fbe92dfad86aa6e9301736f6b4342a3f5c/jopt-simple-5.0.4.jar:/home/jens/.gradle/caches/modules-2/files-2.1/io.netty/netty-all/4.1.68.Final/b8266a3c93c1c051109f71d3449e5dcd5d60b333/netty-all-4.1.68.Final.jar:/home/jens/.gradle/caches/modules-2/files-2.1/com.google.guava/failureaccess/1.0.1/1dcf1de382a0bf95a3d8b0849546c88bac1292c9/failureaccess-1.0.1.jar:/home/jens/.gradle/caches/modules-2/files-2.1/com.google.guava/guava/31.0.1-jre/119ea2b2bc205b138974d351777b20f02b92704b/guava-31.0.1-jre.jar:/home/jens/.gradle/caches/modules-2/files-2.1/org.apache.commons/commons-lang3/3.12.0/c6842c86792ff03b9f1d1fe2aab8dc23aa6c6f0e/commons-lang3-3.12.0.jar:/home/jens/.gradle/caches/modules-2/files-2.1/commons-io/commons-io/2.11.0/a2503f302b11ebde7ebc3df41daebe0e4eea3689/commons-io-2.11.0.jar:/home/jens/.gradle/caches/modules-2/files-2.1/commons-codec/commons-codec/1.15/49d94806b6e3dc933dacbd8acb0fdbab8ebd1e5d/commons-codec-1.15.jar:/home/jens/.gradle/caches/modules-2/files-2.1/com.mojang/brigadier/1.0.18/c1ef1234282716483c92183f49bef47b1a89bfa9/brigadier-1.0.18.jar:/home/jens/.gradle/caches/modules-2/files-2.1/com.mojang/datafixerupper/4.0.26/ebd6690f33871ccee9b6132c6480668ee2e35020/datafixerupper-4.0.26.jar:/home/jens/.gradle/caches/modules-2/files-2.1/com.google.code.gson/gson/2.8.8/431fc3cbc0ff81abdbfde070062741089c3ba874/gson-2.8.8.jar:/home/jens/.gradle/caches/modules-2/files-2.1/com.mojang/authlib/3.2.38/7bba19e34be22fded9ceb409ca1e8fb7525daf55/authlib-3.2.38.jar:/home/jens/.gradle/caches/modules-2/files-2.1/org.apache.commons/commons-compress/1.21/4ec95b60d4e86b5c95a0e919cb172a0af98011ef/commons-compress-1.21.jar:/home/jens/.gradle/caches/modules-2/files-2.1/org.apache.httpcomponents/httpclient/4.5.13/e5f6cae5ca7ecaac1ec2827a9e2d65ae2869cada/httpclient-4.5.13.jar:/home/jens/.gradle/caches/modules-2/files-2.1/commons-logging/commons-logging/1.2/4bfc12adfe4842bf07b657f0369c4cb522955686/commons-logging-1.2.jar:/home/jens/.gradle/caches/modules-2/files-2.1/org.apache.httpcomponents/httpcore/4.4.14/9dd1a631c082d92ecd4bd8fd4cf55026c720a8c1/httpcore-4.4.14.jar:/home/jens/.gradle/caches/modules-2/files-2.1/it.unimi.dsi/fastutil/8.5.6/76f95700418a68fbc4ac050525261f05dc681ca1/fastutil-8.5.6.jar:/home/jens/.gradle/caches/modules-2/files-2.1/org.apache.logging.log4j/log4j-core/2.14.1/9141212b8507ab50a45525b545b39d224614528b/log4j-core-2.14.1.jar:/home/jens/.gradle/caches/modules-2/files-2.1/org.apache.logging.log4j/log4j-api/2.14.1/cd8858fbbde69f46bce8db1152c18a43328aae78/log4j-api-2.14.1.jar:/home/jens/.gradle/caches/modules-2/files-2.1/org.lwjgl/lwjgl/3.3.2/4421d94af68e35dcaa31737a6fc59136a1e61b94/lwjgl-3.3.2.jar:/home/jens/.gradle/caches/modules-2/files-2.1/org.lwjgl/lwjgl-jemalloc/3.3.2/877e17e39ebcd58a9c956dc3b5b777813de0873a/lwjgl-jemalloc-3.3.2.jar:/home/jens/.gradle/caches/modules-2/files-2.1/org.lwjgl/lwjgl-openal/3.3.2/ae5357ed6d934546d3533993ea84c0cfb75eed95/lwjgl-openal-3.3.2.jar:/home/jens/.gradle/caches/modules-2/files-2.1/org.lwjgl/lwjgl-opengl/3.3.2/ee8e95be0b438602038bc1f02dc5e3d011b1b216/lwjgl-opengl-3.3.2.jar:/home/jens/.gradle/caches/modules-2/files-2.1/org.lwjgl/lwjgl-glfw/3.3.2/757920418805fb90bfebb3d46b1d9e7669fca2eb/lwjgl-glfw-3.3.2.jar:/home/jens/.gradle/caches/modules-2/files-2.1/org.lwjgl/lwjgl-stb/3.3.2/a2550795014d622b686e9caac50b14baa87d2c70/lwjgl-stb-3.3.2.jar:/home/jens/.gradle/caches/modules-2/files-2.1/org.lwjgl/lwjgl-tinyfd/3.3.2/9f65c248dd77934105274fcf8351abb75b34327c/lwjgl-tinyfd-3.3.2.jar:/home/jens/.gradle/caches/modules-2/files-2.1/com.mojang/text2speech/1.11.3/f378f889797edd7df8d32272c06ca80a1b6b0f58/text2speech-1.11.3.jar:/home/jens/.gradle/caches/fabric-loom/minecraftMaven/net/minecraft/minecraft-clientonly/1.18-net.fabricmc.yarn.1_18.1.18+build.1-v2/minecraft-clientonly-1.18-net.fabricmc.yarn.1_18.1.18+build.1-v2.jar:/home/jens/.gradle/caches/fabric-loom/minecraftMaven/net/minecraft/minecraft-common/1.18-net.fabricmc.yarn.1_18.1.18+build.1-v2/minecraft-common-1.18-net.fabricmc.yarn.1_18.1.18+build.1-v2.jar:/home/jens/.gradle/caches/modules-2/files-2.1/net.fabricmc/fabric-loader/0.17.2/647622ac4163aad5ed5f79ccb532e31225562aa/fabric-loader-0.17.2.jar:/home/jens/.gradle/caches/modules-2/files-2.1/org.jline/jline-reader/3.20.0/8f15415b022a25b473e8e16c28ae913186ffb9c4/jline-reader-3.20.0.jar:/home/jens/.gradle/caches/modules-2/files-2.1/org.jline/jline-terminal/3.20.0/d0ddcc708ddf527a3454c941b7b9225cc83a15ff/jline-terminal-3.20.0.jar:/home/jens/git/fabric-example-mod/build/classes/java/main:/home/jens/git/fabric-example-mod/build/resources/main)
[13:08:20] [Render thread/INFO] (net.minecraft.resource.ReloadableResourceManagerImpl) Reloading ResourceManager: Default
[13:08:21] [Realms Notification Availability checker #1/INFO] (net.minecraft.client.realms.RealmsClient) Could not authorize you against Realms server: java.lang.RuntimeException: Failed to parse into SignedJWT: FabricMC
[13:08:25] [Render thread/INFO] (net.minecraft.client.sound.SoundEngine) OpenAL initialized on device Family 17h/19h/1ah HD Audio Controller Headphones
[13:08:25] [Render thread/INFO] (net.minecraft.client.sound.SoundSystem) Sound engine started
[13:08:25] [Render thread/INFO] (net.minecraft.client.texture.SpriteAtlasTexture) Created: 1024x1024x4 minecraft:textures/atlas/blocks.png-atlas
[13:08:25] [Render thread/INFO] (net.minecraft.client.texture.SpriteAtlasTexture) Created: 256x128x4 minecraft:textures/atlas/signs.png-atlas
[13:08:25] [Render thread/INFO] (net.minecraft.client.texture.SpriteAtlasTexture) Created: 1024x512x4 minecraft:textures/atlas/banner_patterns.png-atlas
[13:08:25] [Render thread/INFO] (net.minecraft.client.texture.SpriteAtlasTexture) Created: 1024x512x4 minecraft:textures/atlas/shield_patterns.png-atlas
[13:08:25] [Render thread/INFO] (net.minecraft.client.texture.SpriteAtlasTexture) Created: 256x256x4 minecraft:textures/atlas/chest.png-atlas
[13:08:25] [Render thread/INFO] (net.minecraft.client.texture.SpriteAtlasTexture) Created: 512x256x4 minecraft:textures/atlas/beds.png-atlas
[13:08:25] [Render thread/INFO] (net.minecraft.client.texture.SpriteAtlasTexture) Created: 512x256x4 minecraft:textures/atlas/shulker_boxes.png-atlas
[13:08:27] [Render thread/INFO] (net.minecraft.client.texture.SpriteAtlasTexture) Created: 256x256x0 minecraft:textures/atlas/particles.png-atlas
[13:08:27] [Render thread/INFO] (net.minecraft.client.texture.SpriteAtlasTexture) Created: 256x256x0 minecraft:textures/atlas/paintings.png-atlas
[13:08:27] [Render thread/INFO] (net.minecraft.client.texture.SpriteAtlasTexture) Created: 256x128x0 minecraft:textures/atlas/mob_effects.png-atlas
[13:08:42] [Render thread/WARN] (net.minecraft.server.command.CommandManager) Ambiguity between arguments [teleport, location] and [teleport, destination] with inputs: [0.1 -0.5 .9, 0 0 0]
[13:08:42] [Render thread/WARN] (net.minecraft.server.command.CommandManager) Ambiguity between arguments [teleport, location] and [teleport, targets] with inputs: [0.1 -0.5 .9, 0 0 0]
[13:08:42] [Render thread/WARN] (net.minecraft.server.command.CommandManager) Ambiguity between arguments [teleport, destination] and [teleport, targets] with inputs: [Player, 0123, @e, dd12be42-52a9-4a91-a8a1-11c01849e498]
[13:08:42] [Render thread/WARN] (net.minecraft.server.command.CommandManager) Ambiguity between arguments [teleport, targets] and [teleport, destination] with inputs: [Player, 0123, dd12be42-52a9-4a91-a8a1-11c01849e498]
[13:08:42] [Render thread/WARN] (net.minecraft.server.command.CommandManager) Ambiguity between arguments [teleport, targets, location] and [teleport, targets, destination] with inputs: [0.1 -0.5 .9, 0 0 0]
[13:08:42] [Render thread/INFO] (net.minecraft.resource.ReloadableResourceManagerImpl) Reloading ResourceManager: Default
[13:08:42] [Render thread/INFO] (net.minecraft.recipe.RecipeManager) Loaded 7 recipes
[13:08:43] [Render thread/INFO] (net.minecraft.advancement.AdvancementManager) Loaded 1141 advancements
[13:08:45] [Render thread/INFO] (com.mojang.authlib.yggdrasil.YggdrasilAuthenticationService) Environment: authHost='https://authserver.mojang.com', accountsHost='https://api.mojang.com', sessionHost='https://sessionserver.mojang.com', servicesHost='https://api.minecraftservices.com', name='PROD'
[13:08:45] [Server thread/INFO] (net.minecraft.server.integrated.IntegratedServer) Starting integrated minecraft server version 1.18
[13:08:45] [Server thread/INFO] (net.minecraft.server.MinecraftServer) Generating keypair
[13:08:52] [Server thread/INFO] (net.minecraft.server.MinecraftServer) Preparing start region for dimension minecraft:overworld
[13:08:54] [Render thread/INFO] (net.minecraft.server.WorldGenerationProgressLogger) Preparing spawn area: 0%
[13:08:54] [Render thread/INFO] (net.minecraft.server.WorldGenerationProgressLogger) Preparing spawn area: 0%
[13:08:54] [Render thread/INFO] (net.minecraft.server.WorldGenerationProgressLogger) Preparing spawn area: 0%
[13:08:54] [Render thread/INFO] (net.minecraft.server.WorldGenerationProgressLogger) Preparing spawn area: 0%
[13:08:54] [Render thread/INFO] (net.minecraft.server.WorldGenerationProgressLogger) Preparing spawn area: 0%
[13:08:54] [Render thread/INFO] (net.minecraft.server.WorldGenerationProgressLogger) Preparing spawn area: 0%
[13:08:55] [Render thread/INFO] (net.minecraft.server.WorldGenerationProgressLogger) Preparing spawn area: 0%
[13:08:55] [Render thread/INFO] (net.minecraft.server.WorldGenerationProgressLogger) Preparing spawn area: 0%
[13:08:56] [Render thread/INFO] (net.minecraft.server.WorldGenerationProgressLogger) Preparing spawn area: 0%
[13:08:56] [Render thread/INFO] (net.minecraft.server.WorldGenerationProgressLogger) Preparing spawn area: 0%
[13:08:57] [Render thread/INFO] (net.minecraft.server.WorldGenerationProgressLogger) Preparing spawn area: 0%
[13:08:57] [Render thread/INFO] (net.minecraft.server.WorldGenerationProgressLogger) Preparing spawn area: 0%
[13:08:58] [Render thread/INFO] (net.minecraft.server.WorldGenerationProgressLogger) Preparing spawn area: 0%
[13:08:58] [Render thread/INFO] (net.minecraft.server.WorldGenerationProgressLogger) Preparing spawn area: 1%
[13:08:59] [Render thread/INFO] (net.minecraft.server.WorldGenerationProgressLogger) Preparing spawn area: 1%
[13:08:59] [Render thread/INFO] (net.minecraft.server.WorldGenerationProgressLogger) Preparing spawn area: 1%
[13:09:00] [Render thread/INFO] (net.minecraft.server.WorldGenerationProgressLogger) Preparing spawn area: 2%
[13:09:00] [Render thread/INFO] (net.minecraft.server.WorldGenerationProgressLogger) Preparing spawn area: 2%
[13:09:01] [Render thread/INFO] (net.minecraft.server.WorldGenerationProgressLogger) Preparing spawn area: 2%
[13:09:01] [Render thread/INFO] (net.minecraft.server.WorldGenerationProgressLogger) Preparing spawn area: 3%
[13:09:02] [Render thread/INFO] (net.minecraft.server.WorldGenerationProgressLogger) Preparing spawn area: 3%
[13:09:02] [Render thread/INFO] (net.minecraft.server.WorldGenerationProgressLogger) Preparing spawn area: 4%
[13:09:03] [Render thread/INFO] (net.minecraft.server.WorldGenerationProgressLogger) Preparing spawn area: 5%
[13:09:03] [Render thread/INFO] (net.minecraft.server.WorldGenerationProgressLogger) Preparing spawn area: 5%
[13:09:04] [Render thread/INFO] (net.minecraft.server.WorldGenerationProgressLogger) Preparing spawn area: 6%
[13:09:04] [Render thread/INFO] (net.minecraft.server.WorldGenerationProgressLogger) Preparing spawn area: 7%
[13:09:05] [Render thread/INFO] (net.minecraft.server.WorldGenerationProgressLogger) Preparing spawn area: 8%
[13:09:05] [Render thread/INFO] (net.minecraft.server.WorldGenerationProgressLogger) Preparing spawn area: 9%
[13:09:06] [Render thread/INFO] (net.minecraft.server.WorldGenerationProgressLogger) Preparing spawn area: 9%
[13:09:06] [Render thread/INFO] (net.minecraft.server.WorldGenerationProgressLogger) Preparing spawn area: 10%
[13:09:07] [Render thread/INFO] (net.minecraft.server.WorldGenerationProgressLogger) Preparing spawn area: 11%
[13:09:07] [Render thread/INFO] (net.minecraft.server.WorldGenerationProgressLogger) Preparing spawn area: 11%
[13:09:08] [Render thread/INFO] (net.minecraft.server.WorldGenerationProgressLogger) Preparing spawn area: 12%
[13:09:08] [Render thread/INFO] (net.minecraft.server.WorldGenerationProgressLogger) Preparing spawn area: 13%
[13:09:09] [Render thread/INFO] (net.minecraft.server.WorldGenerationProgressLogger) Preparing spawn area: 15%
[13:09:10] [Render thread/INFO] (net.minecraft.server.WorldGenerationProgressLogger) Preparing spawn area: 16%
[13:09:11] [Render thread/INFO] (net.minecraft.server.WorldGenerationProgressLogger) Preparing spawn area: 19%
[13:09:11] [Render thread/INFO] (net.minecraft.server.WorldGenerationProgressLogger) Preparing spawn area: 19%
[13:09:12] [Render thread/INFO] (net.minecraft.server.WorldGenerationProgressLogger) Preparing spawn area: 24%
[13:09:12] [Render thread/INFO] (net.minecraft.server.WorldGenerationProgressLogger) Preparing spawn area: 24%
[13:09:12] [Render thread/INFO] (net.minecraft.server.WorldGenerationProgressLogger) Preparing spawn area: 27%
[13:09:12] [Render thread/INFO] (net.minecraft.server.WorldGenerationProgressLogger) Preparing spawn area: 31%
[13:09:13] [Render thread/INFO] (net.minecraft.server.WorldGenerationProgressLogger) Preparing spawn area: 34%
[13:09:13] [Render thread/INFO] (net.minecraft.server.WorldGenerationProgressLogger) Preparing spawn area: 37%
[13:09:14] [Render thread/INFO] (net.minecraft.server.WorldGenerationProgressLogger) Preparing spawn area: 40%
[13:09:14] [Render thread/INFO] (net.minecraft.server.WorldGenerationProgressLogger) Preparing spawn area: 43%
[13:09:16] [Render thread/INFO] (net.minecraft.server.WorldGenerationProgressLogger) Preparing spawn area: 45%
[13:09:16] [Render thread/INFO] (net.minecraft.server.WorldGenerationProgressLogger) Preparing spawn area: 45%
[13:09:17] [Render thread/INFO] (net.minecraft.server.WorldGenerationProgressLogger) Preparing spawn area: 48%
[13:09:17] [Render thread/INFO] (net.minecraft.server.WorldGenerationProgressLogger) Preparing spawn area: 48%
[13:09:18] [Render thread/INFO] (net.minecraft.server.WorldGenerationProgressLogger) Preparing spawn area: 55%
[13:09:18] [Render thread/INFO] (net.minecraft.server.WorldGenerationProgressLogger) Preparing spawn area: 55%
[13:09:18] [Render thread/INFO] (net.minecraft.server.WorldGenerationProgressLogger) Preparing spawn area: 60%
[13:09:18] [Render thread/INFO] (net.minecraft.server.WorldGenerationProgressLogger) Preparing spawn area: 60%
[13:09:19] [Render thread/INFO] (net.minecraft.server.WorldGenerationProgressLogger) Preparing spawn area: 69%
[13:09:19] [Render thread/INFO] (net.minecraft.server.WorldGenerationProgressLogger) Preparing spawn area: 70%
[13:09:20] [Render thread/INFO] (net.minecraft.server.WorldGenerationProgressLogger) Preparing spawn area: 73%
[13:09:21] [Render thread/INFO] (net.minecraft.server.WorldGenerationProgressLogger) Preparing spawn area: 74%
[13:09:22] [Render thread/INFO] (net.minecraft.server.WorldGenerationProgressLogger) Preparing spawn area: 78%
[13:09:22] [Render thread/INFO] (net.minecraft.server.WorldGenerationProgressLogger) Preparing spawn area: 78%
[13:09:22] [Render thread/INFO] (net.minecraft.server.WorldGenerationProgressLogger) Preparing spawn area: 85%
[13:09:22] [Render thread/INFO] (net.minecraft.server.WorldGenerationProgressLogger) Preparing spawn area: 89%
[13:09:23] [Render thread/INFO] (net.minecraft.server.WorldGenerationProgressLogger) Preparing spawn area: 92%
[13:09:23] [Render thread/INFO] (net.minecraft.server.WorldGenerationProgressLogger) Preparing spawn area: 96%
[13:09:24] [Render thread/INFO] (net.minecraft.server.WorldGenerationProgressLogger) Preparing spawn area: 99%
[13:09:24] [Render thread/INFO] (net.minecraft.server.WorldGenerationProgressLogger) Time elapsed: 32057 ms
[13:09:24] [Server thread/INFO] (net.minecraft.server.integrated.IntegratedServer) Changing view distance to 12, from 10
[13:09:24] [Server thread/INFO] (net.minecraft.server.integrated.IntegratedServer) Changing simulation distance to 12, from 0
[13:09:24] [Render thread/DEBUG] (io.netty.channel.MultithreadEventLoopGroup) -Dio.netty.eventLoopThreads: 16
[13:09:24] [Render thread/DEBUG] (io.netty.channel.nio.NioEventLoop) -Dio.netty.noKeySetOptimization: false
[13:09:24] [Render thread/DEBUG] (io.netty.channel.nio.NioEventLoop) -Dio.netty.selectorAutoRebuildThreshold: 512
[13:09:24] [Render thread/DEBUG] (io.netty.util.internal.PlatformDependent0) -Dio.netty.noUnsafe: false
[13:09:24] [Render thread/DEBUG] (io.netty.util.internal.PlatformDependent0) Java version: 25
[13:09:24] [Render thread/DEBUG] (io.netty.util.internal.PlatformDependent0) sun.misc.Unsafe.theUnsafe: available
[13:09:24] [Render thread/DEBUG] (io.netty.util.internal.PlatformDependent0) sun.misc.Unsafe.copyMemory: available
[13:09:24] [Render thread/DEBUG] (io.netty.util.internal.PlatformDependent0) java.nio.Buffer.address: available
[13:09:24] [Render thread/DEBUG] (io.netty.util.internal.PlatformDependent0) direct buffer constructor: unavailable
java.lang.NoSuchMethodException: java.nio.DirectByteBuffer.<init>(long,int)
	at java.lang.Class.getConstructor0(Class.java:3187) ~[?:?]
	at java.lang.Class.getDeclaredConstructor(Class.java:2491) ~[?:?]
	at io.netty.util.internal.PlatformDependent0$4.run(PlatformDependent0.java:252) ~[netty-all-4.1.68.Final.jar:?]
	at java.security.AccessController.doPrivileged(AccessController.java:74) ~[?:?]
	at io.netty.util.internal.PlatformDependent0.<clinit>(PlatformDependent0.java:247) [netty-all-4.1.68.Final.jar:?]
	at io.netty.util.internal.PlatformDependent.isAndroid(PlatformDependent.java:294) [netty-all-4.1.68.Final.jar:?]
	at io.netty.util.internal.PlatformDependent.<clinit>(PlatformDependent.java:88) [netty-all-4.1.68.Final.jar:?]
	at io.netty.channel.nio.NioEventLoop.newTaskQueue0(NioEventLoop.java:279) [netty-all-4.1.68.Final.jar:?]
	at io.netty.channel.nio.NioEventLoop.newTaskQueue(NioEventLoop.java:150) [netty-all-4.1.68.Final.jar:?]
	at io.netty.channel.nio.NioEventLoop.<init>(NioEventLoop.java:138) [netty-all-4.1.68.Final.jar:?]
	at io.netty.channel.nio.NioEventLoopGroup.newChild(NioEventLoopGroup.java:183) [netty-all-4.1.68.Final.jar:?]
	at io.netty.channel.nio.NioEventLoopGroup.newChild(NioEventLoopGroup.java:38) [netty-all-4.1.68.Final.jar:?]
	at io.netty.util.concurrent.MultithreadEventExecutorGroup.<init>(MultithreadEventExecutorGroup.java:84) [netty-all-4.1.68.Final.jar:?]
	at io.netty.util.concurrent.MultithreadEventExecutorGroup.<init>(MultithreadEventExecutorGroup.java:60) [netty-all-4.1.68.Final.jar:?]
	at io.netty.util.concurrent.MultithreadEventExecutorGroup.<init>(MultithreadEventExecutorGroup.java:49) [netty-all-4.1.68.Final.jar:?]
	at io.netty.channel.MultithreadEventLoopGroup.<init>(MultithreadEventLoopGroup.java:59) [netty-all-4.1.68.Final.jar:?]
	at io.netty.channel.nio.NioEventLoopGroup.<init>(NioEventLoopGroup.java:87) [netty-all-4.1.68.Final.jar:?]
	at io.netty.channel.nio.NioEventLoopGroup.<init>(NioEventLoopGroup.java:82) [netty-all-4.1.68.Final.jar:?]
	at io.netty.channel.nio.NioEventLoopGroup.<init>(NioEventLoopGroup.java:69) [netty-all-4.1.68.Final.jar:?]
	at net.minecraft.server.ServerNetworkIo.method_14348(ServerNetworkIo.java:56) [minecraft-common-1.18-net.fabricmc.yarn.1_18.1.18+build.1-v2.jar:?]
	at com.google.common.base.Suppliers$NonSerializableMemoizingSupplier.get(Suppliers.java:183) [guava-31.0.1-jre.jar:?]
	at net.minecraft.util.Lazy.get(Lazy.java:19) [minecraft-common-1.18-net.fabricmc.yarn.1_18.1.18+build.1-v2.jar:?]
	at net.minecraft.server.ServerNetworkIo.bindLocal(ServerNetworkIo.java:148) [minecraft-common-1.18-net.fabricmc.yarn.1_18.1.18+build.1-v2.jar:?]
	at net.minecraft.client.MinecraftClient.startIntegratedServer(MinecraftClient.java:2085) [minecraft-clientonly-1.18-net.fabricmc.yarn.1_18.1.18+build.1-v2.jar:?]
	at net.minecraft.client.MinecraftClient.createWorld(MinecraftClient.java:1947) [minecraft-clientonly-1.18-net.fabricmc.yarn.1_18.1.18+build.1-v2.jar:?]
	at net.minecraft.client.gui.screen.world.CreateWorldScreen.createLevel(CreateWorldScreen.java:278) [minecraft-clientonly-1.18-net.fabricmc.yarn.1_18.1.18+build.1-v2.jar:?]
	at net.minecraft.client.gui.screen.world.CreateWorldScreen.method_19922(CreateWorldScreen.java:214) [minecraft-clientonly-1.18-net.fabricmc.yarn.1_18.1.18+build.1-v2.jar:?]
	at net.minecraft.client.gui.widget.ButtonWidget.onPress(ButtonWidget.java:40) [minecraft-clientonly-1.18-net.fabricmc.yarn.1_18.1.18+build.1-v2.jar:?]
	at net.minecraft.client.gui.widget.PressableWidget.onClick(PressableWidget.java:16) [minecraft-clientonly-1.18-net.fabricmc.yarn.1_18.1.18+build.1-v2.jar:?]
	at net.minecraft.client.gui.widget.ClickableWidget.mouseClicked(ClickableWidget.java:121) [minecraft-clientonly-1.18-net.fabricmc.yarn.1_18.1.18+build.1-v2.jar:?]
	at net.minecraft.client.gui.ParentElement.mouseClicked(ParentElement.java:27) [minecraft-clientonly-1.18-net.fabricmc.yarn.1_18.1.18+build.1-v2.jar:?]
	at net.minecraft.client.Mouse.method_1611(Mouse.java:94) [minecraft-clientonly-1.18-net.fabricmc.yarn.1_18.1.18+build.1-v2.jar:?]
	at net.minecraft.client.gui.screen.Screen.wrapScreenError(Screen.java:491) [minecraft-clientonly-1.18-net.fabricmc.yarn.1_18.1.18+build.1-v2.jar:?]
	at net.minecraft.client.Mouse.onMouseButton(Mouse.java:94) [minecraft-clientonly-1.18-net.fabricmc.yarn.1_18.1.18+build.1-v2.jar:?]
	at net.minecraft.client.Mouse.method_22686(Mouse.java:165) [minecraft-clientonly-1.18-net.fabricmc.yarn.1_18.1.18+build.1-v2.jar:?]
	at net.minecraft.util.thread.ThreadExecutor.execute(ThreadExecutor.java:101) [minecraft-common-1.18-net.fabricmc.yarn.1_18.1.18+build.1-v2.jar:?]
	at net.minecraft.client.Mouse.method_22684(Mouse.java:165) [minecraft-clientonly-1.18-net.fabricmc.yarn.1_18.1.18+build.1-v2.jar:?]
	at org.lwjgl.glfw.GLFWMouseButtonCallbackI.callback(GLFWMouseButtonCallbackI.java:43) [lwjgl-glfw-3.3.2.jar:?]
	at org.lwjgl.system.JNI.invokeV(Native Method) [lwjgl-3.3.2.jar:?]
	at org.lwjgl.glfw.GLFW.glfwPollEvents(GLFW.java:3438) [lwjgl-glfw-3.3.2.jar:?]
	at com.mojang.blaze3d.systems.RenderSystem.flipFrame(RenderSystem.java:200) [minecraft-clientonly-1.18-net.fabricmc.yarn.1_18.1.18+build.1-v2.jar:?]
	at net.minecraft.client.util.Window.swapBuffers(Window.java:310) [minecraft-clientonly-1.18-net.fabricmc.yarn.1_18.1.18+build.1-v2.jar:?]
	at net.minecraft.client.MinecraftClient.render(MinecraftClient.java:1142) [minecraft-clientonly-1.18-net.fabricmc.yarn.1_18.1.18+build.1-v2.jar:?]
	at net.minecraft.client.MinecraftClient.run(MinecraftClient.java:733) [minecraft-clientonly-1.18-net.fabricmc.yarn.1_18.1.18+build.1-v2.jar:?]
	at net.minecraft.client.main.Main.main(Main.java:236) [minecraft-clientonly-1.18-net.fabricmc.yarn.1_18.1.18+build.1-v2.jar:?]
	at net.fabricmc.loader.impl.game.minecraft.MinecraftGameProvider.launch(MinecraftGameProvider.java:506) [fabric-loader-0.17.2.jar:?]
	at net.fabricmc.loader.impl.launch.knot.Knot.launch(Knot.java:72) [fabric-loader-0.17.2.jar:?]
	at net.fabricmc.loader.impl.launch.knot.KnotClient.main(KnotClient.java:23) [fabric-loader-0.17.2.jar:?]
	at net.fabricmc.devlaunchinjector.Main.main(Main.java:86) [dev-launch-injector-0.2.1+build.8.jar:?]
[13:09:24] [Render thread/DEBUG] (io.netty.util.internal.PlatformDependent0) java.nio.Bits.unaligned: available, true
[13:09:24] [Render thread/DEBUG] (io.netty.util.internal.PlatformDependent0) jdk.internal.misc.Unsafe.allocateUninitializedArray(int): unavailable
java.lang.IllegalAccessException: class io.netty.util.internal.PlatformDependent0$6 cannot access class jdk.internal.misc.Unsafe (in module java.base) because module java.base does not export jdk.internal.misc to unnamed module @313ac989
	at jdk.internal.reflect.Reflection.newIllegalAccessException(Reflection.java:400) ~[?:?]
	at java.lang.reflect.AccessibleObject.checkAccess(AccessibleObject.java:670) ~[?:?]
	at java.lang.reflect.Method.invoke(Method.java:556) ~[?:?]
	at io.netty.util.internal.PlatformDependent0$6.run(PlatformDependent0.java:375) ~[netty-all-4.1.68.Final.jar:?]
	at java.security.AccessController.doPrivileged(AccessController.java:74) ~[?:?]
	at io.netty.util.internal.PlatformDependent0.<clinit>(PlatformDependent0.java:366) [netty-all-4.1.68.Final.jar:?]
	at io.netty.util.internal.PlatformDependent.isAndroid(PlatformDependent.java:294) [netty-all-4.1.68.Final.jar:?]
	at io.netty.util.internal.PlatformDependent.<clinit>(PlatformDependent.java:88) [netty-all-4.1.68.Final.jar:?]
	at io.netty.channel.nio.NioEventLoop.newTaskQueue0(NioEventLoop.java:279) [netty-all-4.1.68.Final.jar:?]
	at io.netty.channel.nio.NioEventLoop.newTaskQueue(NioEventLoop.java:150) [netty-all-4.1.68.Final.jar:?]
	at io.netty.channel.nio.NioEventLoop.<init>(NioEventLoop.java:138) [netty-all-4.1.68.Final.jar:?]
	at io.netty.channel.nio.NioEventLoopGroup.newChild(NioEventLoopGroup.java:183) [netty-all-4.1.68.Final.jar:?]
	at io.netty.channel.nio.NioEventLoopGroup.newChild(NioEventLoopGroup.java:38) [netty-all-4.1.68.Final.jar:?]
	at io.netty.util.concurrent.MultithreadEventExecutorGroup.<init>(MultithreadEventExecutorGroup.java:84) [netty-all-4.1.68.Final.jar:?]
	at io.netty.util.concurrent.MultithreadEventExecutorGroup.<init>(MultithreadEventExecutorGroup.java:60) [netty-all-4.1.68.Final.jar:?]
	at io.netty.util.concurrent.MultithreadEventExecutorGroup.<init>(MultithreadEventExecutorGroup.java:49) [netty-all-4.1.68.Final.jar:?]
	at io.netty.channel.MultithreadEventLoopGroup.<init>(MultithreadEventLoopGroup.java:59) [netty-all-4.1.68.Final.jar:?]
	at io.netty.channel.nio.NioEventLoopGroup.<init>(NioEventLoopGroup.java:87) [netty-all-4.1.68.Final.jar:?]
	at io.netty.channel.nio.NioEventLoopGroup.<init>(NioEventLoopGroup.java:82) [netty-all-4.1.68.Final.jar:?]
	at io.netty.channel.nio.NioEventLoopGroup.<init>(NioEventLoopGroup.java:69) [netty-all-4.1.68.Final.jar:?]
	at net.minecraft.server.ServerNetworkIo.method_14348(ServerNetworkIo.java:56) [minecraft-common-1.18-net.fabricmc.yarn.1_18.1.18+build.1-v2.jar:?]
	at com.google.common.base.Suppliers$NonSerializableMemoizingSupplier.get(Suppliers.java:183) [guava-31.0.1-jre.jar:?]
	at net.minecraft.util.Lazy.get(Lazy.java:19) [minecraft-common-1.18-net.fabricmc.yarn.1_18.1.18+build.1-v2.jar:?]
	at net.minecraft.server.ServerNetworkIo.bindLocal(ServerNetworkIo.java:148) [minecraft-common-1.18-net.fabricmc.yarn.1_18.1.18+build.1-v2.jar:?]
	at net.minecraft.client.MinecraftClient.startIntegratedServer(MinecraftClient.java:2085) [minecraft-clientonly-1.18-net.fabricmc.yarn.1_18.1.18+build.1-v2.jar:?]
	at net.minecraft.client.MinecraftClient.createWorld(MinecraftClient.java:1947) [minecraft-clientonly-1.18-net.fabricmc.yarn.1_18.1.18+build.1-v2.jar:?]
	at net.minecraft.client.gui.screen.world.CreateWorldScreen.createLevel(CreateWorldScreen.java:278) [minecraft-clientonly-1.18-net.fabricmc.yarn.1_18.1.18+build.1-v2.jar:?]
	at net.minecraft.client.gui.screen.world.CreateWorldScreen.method_19922(CreateWorldScreen.java:214) [minecraft-clientonly-1.18-net.fabricmc.yarn.1_18.1.18+build.1-v2.jar:?]
	at net.minecraft.client.gui.widget.ButtonWidget.onPress(ButtonWidget.java:40) [minecraft-clientonly-1.18-net.fabricmc.yarn.1_18.1.18+build.1-v2.jar:?]
	at net.minecraft.client.gui.widget.PressableWidget.onClick(PressableWidget.java:16) [minecraft-clientonly-1.18-net.fabricmc.yarn.1_18.1.18+build.1-v2.jar:?]
	at net.minecraft.client.gui.widget.ClickableWidget.mouseClicked(ClickableWidget.java:121) [minecraft-clientonly-1.18-net.fabricmc.yarn.1_18.1.18+build.1-v2.jar:?]
	at net.minecraft.client.gui.ParentElement.mouseClicked(ParentElement.java:27) [minecraft-clientonly-1.18-net.fabricmc.yarn.1_18.1.18+build.1-v2.jar:?]
	at net.minecraft.client.Mouse.method_1611(Mouse.java:94) [minecraft-clientonly-1.18-net.fabricmc.yarn.1_18.1.18+build.1-v2.jar:?]
	at net.minecraft.client.gui.screen.Screen.wrapScreenError(Screen.java:491) [minecraft-clientonly-1.18-net.fabricmc.yarn.1_18.1.18+build.1-v2.jar:?]
	at net.minecraft.client.Mouse.onMouseButton(Mouse.java:94) [minecraft-clientonly-1.18-net.fabricmc.yarn.1_18.1.18+build.1-v2.jar:?]
	at net.minecraft.client.Mouse.method_22686(Mouse.java:165) [minecraft-clientonly-1.18-net.fabricmc.yarn.1_18.1.18+build.1-v2.jar:?]
	at net.minecraft.util.thread.ThreadExecutor.execute(ThreadExecutor.java:101) [minecraft-common-1.18-net.fabricmc.yarn.1_18.1.18+build.1-v2.jar:?]
	at net.minecraft.client.Mouse.method_22684(Mouse.java:165) [minecraft-clientonly-1.18-net.fabricmc.yarn.1_18.1.18+build.1-v2.jar:?]
	at org.lwjgl.glfw.GLFWMouseButtonCallbackI.callback(GLFWMouseButtonCallbackI.java:43) [lwjgl-glfw-3.3.2.jar:?]
	at org.lwjgl.system.JNI.invokeV(Native Method) [lwjgl-3.3.2.jar:?]
	at org.lwjgl.glfw.GLFW.glfwPollEvents(GLFW.java:3438) [lwjgl-glfw-3.3.2.jar:?]
	at com.mojang.blaze3d.systems.RenderSystem.flipFrame(RenderSystem.java:200) [minecraft-clientonly-1.18-net.fabricmc.yarn.1_18.1.18+build.1-v2.jar:?]
	at net.minecraft.client.util.Window.swapBuffers(Window.java:310) [minecraft-clientonly-1.18-net.fabricmc.yarn.1_18.1.18+build.1-v2.jar:?]
	at net.minecraft.client.MinecraftClient.render(MinecraftClient.java:1142) [minecraft-clientonly-1.18-net.fabricmc.yarn.1_18.1.18+build.1-v2.jar:?]
	at net.minecraft.client.MinecraftClient.run(MinecraftClient.java:733) [minecraft-clientonly-1.18-net.fabricmc.yarn.1_18.1.18+build.1-v2.jar:?]
	at net.minecraft.client.main.Main.main(Main.java:236) [minecraft-clientonly-1.18-net.fabricmc.yarn.1_18.1.18+build.1-v2.jar:?]
	at net.fabricmc.loader.impl.game.minecraft.MinecraftGameProvider.launch(MinecraftGameProvider.java:506) [fabric-loader-0.17.2.jar:?]
	at net.fabricmc.loader.impl.launch.knot.Knot.launch(Knot.java:72) [fabric-loader-0.17.2.jar:?]
	at net.fabricmc.loader.impl.launch.knot.KnotClient.main(KnotClient.java:23) [fabric-loader-0.17.2.jar:?]
	at net.fabricmc.devlaunchinjector.Main.main(Main.java:86) [dev-launch-injector-0.2.1+build.8.jar:?]
[13:09:24] [Render thread/DEBUG] (io.netty.util.internal.PlatformDependent0) java.nio.DirectByteBuffer.<init>(long, int): unavailable
[13:09:24] [Render thread/DEBUG] (io.netty.util.internal.PlatformDependent) sun.misc.Unsafe: available
[13:09:24] [Render thread/DEBUG] (io.netty.util.internal.PlatformDependent) maxDirectMemory: 1904214016 bytes (maybe)
[13:09:24] [Render thread/DEBUG] (io.netty.util.internal.PlatformDependent) -Dio.netty.tmpdir: /tmp (java.io.tmpdir)
[13:09:24] [Render thread/DEBUG] (io.netty.util.internal.PlatformDependent) -Dio.netty.bitMode: 64 (sun.arch.data.model)
[13:09:24] [Render thread/DEBUG] (io.netty.util.internal.PlatformDependent) -Dio.netty.maxDirectMemory: -1 bytes
[13:09:24] [Render thread/DEBUG] (io.netty.util.internal.PlatformDependent) -Dio.netty.uninitializedArrayAllocationThreshold: -1
[13:09:24] [Render thread/DEBUG] (io.netty.util.internal.CleanerJava9) java.nio.ByteBuffer.cleaner(): available
[13:09:24] [Render thread/DEBUG] (io.netty.util.internal.PlatformDependent) -Dio.netty.noPreferDirect: false
[13:09:24] [Render thread/DEBUG] (io.netty.util.internal.PlatformDependent) org.jctools-core.MpscChunkedArrayQueue: available
[13:09:24] [Render thread/DEBUG] (io.netty.channel.DefaultChannelId) -Dio.netty.processId: 70601 (auto-detected)
[13:09:24] [Render thread/DEBUG] (io.netty.util.NetUtil) -Djava.net.preferIPv4Stack: false
[13:09:24] [Render thread/DEBUG] (io.netty.util.NetUtil) -Djava.net.preferIPv6Addresses: false
[13:09:24] [Render thread/DEBUG] (io.netty.util.NetUtilInitializations) Loopback interface: lo (lo, 0:0:0:0:0:0:0:1%lo)
[13:09:24] [Render thread/DEBUG] (io.netty.util.NetUtil) /proc/sys/net/core/somaxconn: 4096
[13:09:24] [Render thread/DEBUG] (io.netty.channel.DefaultChannelId) -Dio.netty.machineId: ec:2e:98:ff:fe:e8:47:05 (auto-detected)
[13:09:24] [Render thread/DEBUG] (io.netty.buffer.PooledByteBufAllocator) -Dio.netty.allocator.numHeapArenas: 16
[13:09:24] [Render thread/DEBUG] (io.netty.buffer.PooledByteBufAllocator) -Dio.netty.allocator.numDirectArenas: 16
[13:09:24] [Render thread/DEBUG] (io.netty.buffer.PooledByteBufAllocator) -Dio.netty.allocator.pageSize: 8192
[13:09:24] [Render thread/DEBUG] (io.netty.buffer.PooledByteBufAllocator) -Dio.netty.allocator.maxOrder: 11
[13:09:24] [Render thread/DEBUG] (io.netty.buffer.PooledByteBufAllocator) -Dio.netty.allocator.chunkSize: 16777216
[13:09:24] [Render thread/DEBUG] (io.netty.buffer.PooledByteBufAllocator) -Dio.netty.allocator.smallCacheSize: 256
[13:09:24] [Render thread/DEBUG] (io.netty.buffer.PooledByteBufAllocator) -Dio.netty.allocator.normalCacheSize: 64
[13:09:24] [Render thread/DEBUG] (io.netty.buffer.PooledByteBufAllocator) -Dio.netty.allocator.maxCachedBufferCapacity: 32768
[13:09:24] [Render thread/DEBUG] (io.netty.buffer.PooledByteBufAllocator) -Dio.netty.allocator.cacheTrimInterval: 8192
[13:09:24] [Render thread/DEBUG] (io.netty.buffer.PooledByteBufAllocator) -Dio.netty.allocator.cacheTrimIntervalMillis: 0
[13:09:24] [Render thread/DEBUG] (io.netty.buffer.PooledByteBufAllocator) -Dio.netty.allocator.useCacheForAllThreads: true
[13:09:24] [Render thread/DEBUG] (io.netty.buffer.PooledByteBufAllocator) -Dio.netty.allocator.maxCachedByteBuffersPerChunk: 1023
[13:09:24] [Render thread/DEBUG] (io.netty.buffer.ByteBufUtil) -Dio.netty.allocator.type: pooled
[13:09:24] [Render thread/DEBUG] (io.netty.buffer.ByteBufUtil) -Dio.netty.threadLocalDirectBufferSize: 0
[13:09:24] [Render thread/DEBUG] (io.netty.buffer.ByteBufUtil) -Dio.netty.maxThreadLocalCharBufferSize: 16384
[13:09:24] [Netty Local Client IO #0/DEBUG] (io.netty.util.Recycler) -Dio.netty.recycler.maxCapacityPerThread: 4096
[13:09:24] [Netty Local Client IO #0/DEBUG] (io.netty.util.Recycler) -Dio.netty.recycler.maxSharedCapacityFactor: 2
[13:09:24] [Netty Local Client IO #0/DEBUG] (io.netty.util.Recycler) -Dio.netty.recycler.linkCapacity: 16
[13:09:24] [Netty Local Client IO #0/DEBUG] (io.netty.util.Recycler) -Dio.netty.recycler.ratio: 8
[13:09:24] [Netty Local Client IO #0/DEBUG] (io.netty.util.Recycler) -Dio.netty.recycler.delayedQueue.ratio: 8
[13:09:24] [Server thread/INFO] (net.minecraft.server.PlayerManager) Player596[local:E:5b457214] logged in with entity id 93 at (4.5, 110.0, -9.5)
[13:09:24] [Server thread/DEBUG] (io.netty.buffer.AbstractByteBuf) -Dio.netty.buffer.checkAccessible: true
[13:09:24] [Server thread/DEBUG] (io.netty.buffer.AbstractByteBuf) -Dio.netty.buffer.checkBounds: true
[13:09:24] [Server thread/DEBUG] (io.netty.util.ResourceLeakDetectorFactory) Loaded default ResourceLeakDetector: io.netty.util.ResourceLeakDetector@215d7cae
[13:09:24] [Server thread/INFO] (net.minecraft.server.MinecraftServer) Player596 joined the game
[13:09:25] [Render thread/INFO] (net.minecraft.advancement.AdvancementManager) Loaded 0 advancements
[13:09:26] [Worker-Main-9/DEBUG] (com.mojang.authlib.HttpAuthenticationService) Opening connection to https://sessionserver.mojang.com/session/minecraft/profile/b6f7a48395d43c1ca80dd6147f86003c?unsigned=true
[13:09:26] [Worker-Main-9/DEBUG] (com.mojang.authlib.HttpAuthenticationService) Reading data from https://sessionserver.mojang.com/session/minecraft/profile/b6f7a48395d43c1ca80dd6147f86003c?unsigned=true
[13:09:26] [Render thread/DEBUG] (com.mojang.blaze3d.systems.RenderSystem) Growing IndexBuffer: Old limit 0, new limit 144.
[13:09:26] [Worker-Main-9/DEBUG] (com.mojang.authlib.HttpAuthenticationService) Successful read, server response was 204
[13:09:26] [Worker-Main-9/DEBUG] (com.mojang.authlib.HttpAuthenticationService) Response: 
[13:09:26] [Worker-Main-9/DEBUG] (com.mojang.authlib.yggdrasil.YggdrasilMinecraftSessionService) Couldn't fetch profile properties for com.mojang.authlib.GameProfile@79d6e0c1[id=b6f7a483-95d4-3c1c-a80d-d6147f86003c,name=Player596,properties={},legacy=false] as the profile does not exist
[13:09:27] [Render thread/DEBUG] (com.mojang.blaze3d.systems.RenderSystem) Growing IndexBuffer: Old limit 9360, new limit 33432.
[13:09:35] [Server thread/INFO] (net.minecraft.server.MinecraftServer) [Player596: Gave 1 [Command Block] to Player596]
[13:09:35] [Render thread/INFO] (net.minecraft.client.gui.hud.ChatHud) [CHAT] Gave 1 [Command Block] to Player596
[13:09:36] [Server thread/INFO] (net.minecraft.server.MinecraftServer) [Player596: Set own game mode to Survival Mode]
[13:09:36] [Render thread/INFO] (net.minecraft.client.gui.hud.ChatHud) [CHAT] Set own game mode to Survival Mode
[13:09:38] [Server thread/INFO] (net.minecraft.server.integrated.IntegratedServer) Saving and pausing game...
[13:09:38] [Server thread/INFO] (net.minecraft.server.MinecraftServer) Saving chunks for level 'ServerLevel[New World]'/minecraft:overworld
[13:09:38] [Server thread/INFO] (net.minecraft.server.MinecraftServer) Saving chunks for level 'ServerLevel[New World]'/minecraft:the_nether
[13:09:38] [Server thread/INFO] (net.minecraft.server.MinecraftServer) Saving chunks for level 'ServerLevel[New World]'/minecraft:the_end
[13:09:41] [Render thread/INFO] (net.minecraft.client.gui.hud.ChatHud) [CHAT] Command set: penis
[13:09:44] [Server thread/INFO] (net.minecraft.server.integrated.IntegratedServer) Saving and pausing game...
[13:09:44] [Server thread/INFO] (net.minecraft.server.MinecraftServer) Saving chunks for level 'ServerLevel[New World]'/minecraft:overworld
[13:09:44] [Server thread/INFO] (net.minecraft.server.MinecraftServer) Saving chunks for level 'ServerLevel[New World]'/minecraft:the_nether
[13:09:44] [Server thread/INFO] (net.minecraft.server.MinecraftServer) Saving chunks for level 'ServerLevel[New World]'/minecraft:the_end
[13:09:47] [Server thread/INFO] (net.minecraft.server.MinecraftServer) [Player596: Gave 69 [Command Block] to Player596]
[13:09:47] [Render thread/INFO] (net.minecraft.client.gui.hud.ChatHud) [CHAT] Gave 69 [Command Block] to Player596
[13:09:54] [Server thread/INFO] (net.minecraft.server.integrated.IntegratedServer) Saving and pausing game...
[13:09:54] [Server thread/INFO] (net.minecraft.server.MinecraftServer) Saving chunks for level 'ServerLevel[New World]'/minecraft:overworld
[13:09:54] [Server thread/INFO] (net.minecraft.server.MinecraftServer) Saving chunks for level 'ServerLevel[New World]'/minecraft:the_nether
[13:09:54] [Server thread/INFO] (net.minecraft.server.MinecraftServer) Saving chunks for level 'ServerLevel[New World]'/minecraft:the_end
[13:10:04] [Render thread/INFO] (net.minecraft.client.gui.hud.ChatHud) [CHAT] Command set: setblock 1 110 -10 minecraft:command_block
[13:10:05] [Server thread/INFO] (net.minecraft.server.integrated.IntegratedServer) Saving and pausing game...
[13:10:05] [Server thread/INFO] (net.minecraft.server.MinecraftServer) Saving chunks for level 'ServerLevel[New World]'/minecraft:overworld
[13:10:05] [Server thread/INFO] (net.minecraft.server.MinecraftServer) Saving chunks for level 'ServerLevel[New World]'/minecraft:the_nether
[13:10:05] [Server thread/INFO] (net.minecraft.server.MinecraftServer) Saving chunks for level 'ServerLevel[New World]'/minecraft:the_end
[13:10:07] [Render thread/INFO] (net.minecraft.client.gui.hud.ChatHud) [CHAT] Command set: setblock 1 110 -10 minecraft:command_block
[13:10:07] [Server thread/INFO] (net.minecraft.server.MinecraftServer) [@: Changed the block at 1, 110, -10]
[13:10:07] [Render thread/INFO] (net.minecraft.client.gui.hud.ChatHud) [CHAT] [@: Changed the block at 1, 110, -10]
[13:10:08] [Server thread/INFO] (net.minecraft.server.integrated.IntegratedServer) Saving and pausing game...
[13:10:08] [Server thread/INFO] (net.minecraft.server.MinecraftServer) Saving chunks for level 'ServerLevel[New World]'/minecraft:overworld
[13:10:08] [Server thread/INFO] (net.minecraft.server.MinecraftServer) Saving chunks for level 'ServerLevel[New World]'/minecraft:the_nether
[13:10:08] [Server thread/INFO] (net.minecraft.server.MinecraftServer) Saving chunks for level 'ServerLevel[New World]'/minecraft:the_end
[13:10:09] [Render thread/INFO] (net.minecraft.client.gui.hud.ChatHud) [CHAT] Command set: setblock 1 110 -10 minecraft:command_block
[13:10:10] [Server thread/INFO] (net.minecraft.server.integrated.IntegratedServer) Saving and pausing game...
[13:10:10] [Server thread/INFO] (net.minecraft.server.MinecraftServer) Saving chunks for level 'ServerLevel[New World]'/minecraft:overworld
[13:10:10] [Server thread/INFO] (net.minecraft.server.MinecraftServer) Saving chunks for level 'ServerLevel[New World]'/minecraft:the_nether
[13:10:10] [Server thread/INFO] (net.minecraft.server.MinecraftServer) Saving chunks for level 'ServerLevel[New World]'/minecraft:the_end
[13:10:19] [Render thread/INFO] (net.minecraft.client.gui.hud.ChatHud) [CHAT] Command set: setblock 1 110 -10 minecraft:command_block[facing=up]
[13:10:19] [Server thread/INFO] (net.minecraft.server.MinecraftServer) [@: Changed the block at 1, 110, -10]
[13:10:19] [Render thread/INFO] (net.minecraft.client.gui.hud.ChatHud) [CHAT] [@: Changed the block at 1, 110, -10]
[13:10:19] [Server thread/INFO] (net.minecraft.server.integrated.IntegratedServer) Saving and pausing game...
[13:10:19] [Server thread/INFO] (net.minecraft.server.MinecraftServer) Saving chunks for level 'ServerLevel[New World]'/minecraft:overworld
[13:10:19] [Server thread/INFO] (net.minecraft.server.MinecraftServer) Saving chunks for level 'ServerLevel[New World]'/minecraft:the_nether
[13:10:19] [Server thread/INFO] (net.minecraft.server.MinecraftServer) Saving chunks for level 'ServerLevel[New World]'/minecraft:the_end
[13:10:29] [Server thread/INFO] (net.minecraft.server.integrated.IntegratedServer) Saving and pausing game...
[13:10:29] [Server thread/INFO] (net.minecraft.server.MinecraftServer) Saving chunks for level 'ServerLevel[New World]'/minecraft:overworld
[13:10:29] [Server thread/INFO] (net.minecraft.server.MinecraftServer) Saving chunks for level 'ServerLevel[New World]'/minecraft:the_nether
[13:10:29] [Server thread/INFO] (net.minecraft.server.MinecraftServer) Saving chunks for level 'ServerLevel[New World]'/minecraft:the_end
[13:10:34] [Render thread/INFO] (net.minecraft.client.gui.hud.ChatHud) [CHAT] Command set: setblock 3 110 -10 air
[13:10:34] [Server thread/INFO] (net.minecraft.server.MinecraftServer) [@: Changed the block at 3, 110, -10]
[13:10:34] [Render thread/INFO] (net.minecraft.client.gui.hud.ChatHud) [CHAT] [@: Changed the block at 3, 110, -10]
[13:10:52] [Server thread/INFO] (net.minecraft.server.integrated.IntegratedServer) Saving and pausing game...
[13:10:52] [Server thread/INFO] (net.minecraft.server.MinecraftServer) Saving chunks for level 'ServerLevel[New World]'/minecraft:overworld
[13:10:52] [Server thread/INFO] (net.minecraft.server.MinecraftServer) Saving chunks for level 'ServerLevel[New World]'/minecraft:the_nether
[13:10:52] [Server thread/INFO] (net.minecraft.server.MinecraftServer) Saving chunks for level 'ServerLevel[New World]'/minecraft:the_end
[13:10:59] [Render thread/INFO] (net.minecraft.client.gui.hud.ChatHud) [CHAT] Command set: setblock ~ ~ ~ air
[13:10:59] [Server thread/INFO] (net.minecraft.server.MinecraftServer) [@: Changed the block at 4, 112, -10]
[13:10:59] [Render thread/INFO] (net.minecraft.client.gui.hud.ChatHud) [CHAT] [@: Changed the block at 4, 112, -10]
[13:11:09] [Server thread/INFO] (net.minecraft.server.integrated.IntegratedServer) Saving and pausing game...
[13:11:09] [Server thread/INFO] (net.minecraft.server.MinecraftServer) Saving chunks for level 'ServerLevel[New World]'/minecraft:overworld
[13:11:09] [Server thread/INFO] (net.minecraft.server.MinecraftServer) Saving chunks for level 'ServerLevel[New World]'/minecraft:the_nether
[13:11:09] [Server thread/INFO] (net.minecraft.server.MinecraftServer) Saving chunks for level 'ServerLevel[New World]'/minecraft:the_end
[13:11:16] [Render thread/INFO] (net.minecraft.client.gui.hud.ChatHud) [CHAT] Command set: setblock 3 111 -10 air
[13:11:16] [Server thread/INFO] (net.minecraft.server.MinecraftServer) [@: Changed the block at 3, 111, -10]
[13:11:16] [Render thread/INFO] (net.minecraft.client.gui.hud.ChatHud) [CHAT] [@: Changed the block at 3, 111, -10]
[13:11:46] [Server thread/INFO] (net.minecraft.server.integrated.IntegratedServer) Saving and pausing game...
[13:11:46] [Server thread/INFO] (net.minecraft.server.MinecraftServer) Saving chunks for level 'ServerLevel[New World]'/minecraft:overworld
[13:11:46] [Server thread/INFO] (net.minecraft.server.MinecraftServer) Saving chunks for level 'ServerLevel[New World]'/minecraft:the_nether
[13:11:46] [Server thread/INFO] (net.minecraft.server.MinecraftServer) Saving chunks for level 'ServerLevel[New World]'/minecraft:the_end
[13:12:35] [Render thread/INFO] (net.minecraft.client.gui.hud.ChatHud) [CHAT] Command set: effect give @a minecraft:jump_boost 999999 6 true
[13:12:35] [Server thread/INFO] (net.minecraft.server.MinecraftServer) [@: Applied effect Jump Boost to Player596]
[13:12:35] [Render thread/INFO] (net.minecraft.client.gui.hud.ChatHud) [CHAT] [@: Applied effect Jump Boost to Player596]
[13:13:19] [Server thread/INFO] (net.minecraft.server.integrated.IntegratedServer) Saving and pausing game...
[13:13:19] [Server thread/INFO] (net.minecraft.server.MinecraftServer) Saving chunks for level 'ServerLevel[New World]'/minecraft:overworld
[13:13:19] [Server thread/INFO] (net.minecraft.server.MinecraftServer) Saving chunks for level 'ServerLevel[New World]'/minecraft:the_nether
[13:13:19] [Server thread/INFO] (net.minecraft.server.MinecraftServer) Saving chunks for level 'ServerLevel[New World]'/minecraft:the_end
[13:13:23] [Server thread/INFO] (net.minecraft.server.MinecraftServer) Player596 fell from a high place
[13:13:23] [Render thread/INFO] (net.minecraft.client.gui.hud.ChatHud) [CHAT] Player596 fell from a high place
[13:13:24] [Server thread/INFO] (net.minecraft.server.world.ServerChunkManager) Skipping update from removed player 'ServerPlayerEntity['Player596'/93, l='ServerLevel[New World]', x=0.12, y=110.00, z=-11.32, removed=KILLED]'
[13:13:29] [Server thread/INFO] (net.minecraft.server.integrated.IntegratedServer) Saving and pausing game...
[13:13:29] [Server thread/INFO] (net.minecraft.server.MinecraftServer) Saving chunks for level 'ServerLevel[New World]'/minecraft:overworld
[13:13:29] [Server thread/INFO] (net.minecraft.server.MinecraftServer) Saving chunks for level 'ServerLevel[New World]'/minecraft:the_nether
[13:13:29] [Server thread/INFO] (net.minecraft.server.MinecraftServer) Saving chunks for level 'ServerLevel[New World]'/minecraft:the_end
[13:13:31] [Server thread/INFO] (net.minecraft.server.integrated.IntegratedServer) Saving and pausing game...
[13:13:31] [Server thread/INFO] (net.minecraft.server.MinecraftServer) Saving chunks for level 'ServerLevel[New World]'/minecraft:overworld
[13:13:31] [Server thread/INFO] (net.minecraft.server.MinecraftServer) Saving chunks for level 'ServerLevel[New World]'/minecraft:the_nether
[13:13:31] [Server thread/INFO] (net.minecraft.server.MinecraftServer) Saving chunks for level 'ServerLevel[New World]'/minecraft:the_end
[13:13:33] [Render thread/INFO] (net.minecraft.client.gui.hud.ChatHud) [CHAT] Command set: setblock 1 110 -10 minecraft:command_block[facing=up]
[13:13:33] [Server thread/INFO] (net.minecraft.server.MinecraftServer) [@: Changed the block at 1, 110, -10]
[13:13:33] [Render thread/INFO] (net.minecraft.client.gui.hud.ChatHud) [CHAT] [@: Changed the block at 1, 110, -10]
[13:13:36] [Server thread/INFO] (net.minecraft.server.integrated.IntegratedServer) Saving and pausing game...
[13:13:36] [Server thread/INFO] (net.minecraft.server.MinecraftServer) Saving chunks for level 'ServerLevel[New World]'/minecraft:overworld
[13:13:36] [Server thread/INFO] (net.minecraft.server.MinecraftServer) Saving chunks for level 'ServerLevel[New World]'/minecraft:the_nether
[13:13:36] [Server thread/INFO] (net.minecraft.server.MinecraftServer) Saving chunks for level 'ServerLevel[New World]'/minecraft:the_end
[13:13:38] [Server thread/INFO] (net.minecraft.server.integrated.IntegratedServer) Saving and pausing game...
[13:13:38] [Server thread/INFO] (net.minecraft.server.MinecraftServer) Saving chunks for level 'ServerLevel[New World]'/minecraft:overworld
[13:13:38] [Server thread/INFO] (net.minecraft.server.MinecraftServer) Saving chunks for level 'ServerLevel[New World]'/minecraft:the_nether
[13:13:38] [Server thread/INFO] (net.minecraft.server.MinecraftServer) Saving chunks for level 'ServerLevel[New World]'/minecraft:the_end
[13:13:41] [Server thread/INFO] (net.minecraft.server.integrated.IntegratedServer) Saving and pausing game...
[13:13:41] [Server thread/INFO] (net.minecraft.server.MinecraftServer) Saving chunks for level 'ServerLevel[New World]'/minecraft:overworld
[13:13:41] [Server thread/INFO] (net.minecraft.server.MinecraftServer) Saving chunks for level 'ServerLevel[New World]'/minecraft:the_nether
[13:13:41] [Server thread/INFO] (net.minecraft.server.MinecraftServer) Saving chunks for level 'ServerLevel[New World]'/minecraft:the_end
[13:13:43] [Server thread/INFO] (net.minecraft.server.integrated.IntegratedServer) Saving and pausing game...
[13:13:43] [Server thread/INFO] (net.minecraft.server.MinecraftServer) Saving chunks for level 'ServerLevel[New World]'/minecraft:overworld
[13:13:43] [Server thread/INFO] (net.minecraft.server.MinecraftServer) Saving chunks for level 'ServerLevel[New World]'/minecraft:the_nether
[13:13:43] [Server thread/INFO] (net.minecraft.server.MinecraftServer) Saving chunks for level 'ServerLevel[New World]'/minecraft:the_end
[13:13:44] [Server thread/INFO] (net.minecraft.server.integrated.IntegratedServer) Saving and pausing game...
[13:13:44] [Server thread/INFO] (net.minecraft.server.MinecraftServer) Saving chunks for level 'ServerLevel[New World]'/minecraft:overworld
[13:13:44] [Server thread/INFO] (net.minecraft.server.MinecraftServer) Saving chunks for level 'ServerLevel[New World]'/minecraft:the_nether
[13:13:44] [Server thread/INFO] (net.minecraft.server.MinecraftServer) Saving chunks for level 'ServerLevel[New World]'/minecraft:the_end
[13:13:48] [Server thread/INFO] (net.minecraft.server.integrated.IntegratedServer) Saving and pausing game...
[13:13:48] [Server thread/INFO] (net.minecraft.server.MinecraftServer) Saving chunks for level 'ServerLevel[New World]'/minecraft:overworld
[13:13:48] [Server thread/INFO] (net.minecraft.server.MinecraftServer) Saving chunks for level 'ServerLevel[New World]'/minecraft:the_nether
[13:13:48] [Server thread/INFO] (net.minecraft.server.MinecraftServer) Saving chunks for level 'ServerLevel[New World]'/minecraft:the_end
[13:13:49] [Server thread/INFO] (net.minecraft.server.integrated.IntegratedServer) Saving and pausing game...
[13:13:49] [Server thread/INFO] (net.minecraft.server.MinecraftServer) Saving chunks for level 'ServerLevel[New World]'/minecraft:overworld
[13:13:49] [Server thread/INFO] (net.minecraft.server.MinecraftServer) Saving chunks for level 'ServerLevel[New World]'/minecraft:the_nether
[13:13:49] [Server thread/INFO] (net.minecraft.server.MinecraftServer) Saving chunks for level 'ServerLevel[New World]'/minecraft:the_end
[13:13:51] [Server thread/INFO] (net.minecraft.server.integrated.IntegratedServer) Saving and pausing game...
[13:13:51] [Server thread/INFO] (net.minecraft.server.MinecraftServer) Saving chunks for level 'ServerLevel[New World]'/minecraft:overworld
[13:13:51] [Server thread/INFO] (net.minecraft.server.MinecraftServer) Saving chunks for level 'ServerLevel[New World]'/minecraft:the_nether
[13:13:51] [Server thread/INFO] (net.minecraft.server.MinecraftServer) Saving chunks for level 'ServerLevel[New World]'/minecraft:the_end
[13:13:55] [Server thread/INFO] (net.minecraft.server.integrated.IntegratedServer) Saving and pausing game...
[13:13:55] [Server thread/INFO] (net.minecraft.server.MinecraftServer) Saving chunks for level 'ServerLevel[New World]'/minecraft:overworld
[13:13:55] [Server thread/INFO] (net.minecraft.server.MinecraftServer) Saving chunks for level 'ServerLevel[New World]'/minecraft:the_nether
[13:13:55] [Server thread/INFO] (net.minecraft.server.MinecraftServer) Saving chunks for level 'ServerLevel[New World]'/minecraft:the_end
[13:14:09] [Render thread/INFO] (net.minecraft.client.gui.hud.ChatHud) [CHAT] Command set: effect give @a minecraft:jump_boost 99999 9 true
[13:14:09] [Server thread/INFO] (net.minecraft.server.MinecraftServer) [@: Applied effect Jump Boost to Player596]
[13:14:09] [Render thread/INFO] (net.minecraft.client.gui.hud.ChatHud) [CHAT] [@: Applied effect Jump Boost to Player596]
[13:14:09] [Server thread/INFO] (net.minecraft.server.MinecraftServer) [@: Applied effect Jump Boost to Player596]
[13:14:09] [Render thread/INFO] (net.minecraft.client.gui.hud.ChatHud) [CHAT] [@: Applied effect Jump Boost to Player596]
[13:14:09] [Server thread/INFO] (net.minecraft.server.MinecraftServer) [@: Applied effect Jump Boost to Player596]
[13:14:09] [Render thread/INFO] (net.minecraft.client.gui.hud.ChatHud) [CHAT] [@: Applied effect Jump Boost to Player596]
[13:14:09] [Server thread/INFO] (net.minecraft.server.MinecraftServer) [@: Applied effect Jump Boost to Player596]
[13:14:09] [Render thread/INFO] (net.minecraft.client.gui.hud.ChatHud) [CHAT] [@: Applied effect Jump Boost to Player596]
[13:14:09] [Server thread/INFO] (net.minecraft.server.MinecraftServer) [@: Applied effect Jump Boost to Player596]
[13:14:09] [Render thread/INFO] (net.minecraft.client.gui.hud.ChatHud) [CHAT] [@: Applied effect Jump Boost to Player596]
[13:14:09] [Server thread/INFO] (net.minecraft.server.MinecraftServer) [@: Applied effect Jump Boost to Player596]
[13:14:09] [Render thread/INFO] (net.minecraft.client.gui.hud.ChatHud) [CHAT] [@: Applied effect Jump Boost to Player596]
[13:14:09] [Server thread/INFO] (net.minecraft.server.MinecraftServer) [@: Applied effect Jump Boost to Player596]
[13:14:09] [Render thread/INFO] (net.minecraft.client.gui.hud.ChatHud) [CHAT] [@: Applied effect Jump Boost to Player596]
[13:14:09] [Server thread/INFO] (net.minecraft.server.MinecraftServer) [@: Applied effect Jump Boost to Player596]
[13:14:09] [Render thread/INFO] (net.minecraft.client.gui.hud.ChatHud) [CHAT] [@: Applied effect Jump Boost to Player596]
[13:14:09] [Server thread/INFO] (net.minecraft.server.MinecraftServer) [@: Applied effect Jump Boost to Player596]
[13:14:09] [Render thread/INFO] (net.minecraft.client.gui.hud.ChatHud) [CHAT] [@: Applied effect Jump Boost to Player596]
[13:14:09] [Server thread/INFO] (net.minecraft.server.MinecraftServer) [@: Applied effect Jump Boost to Player596]
[13:14:09] [Render thread/INFO] (net.minecraft.client.gui.hud.ChatHud) [CHAT] [@: Applied effect Jump Boost to Player596]
[13:14:09] [Server thread/INFO] (net.minecraft.server.MinecraftServer) [@: Applied effect Jump Boost to Player596]
[13:14:09] [Render thread/INFO] (net.minecraft.client.gui.hud.ChatHud) [CHAT] [@: Applied effect Jump Boost to Player596]
[13:14:09] [Server thread/INFO] (net.minecraft.server.MinecraftServer) [@: Applied effect Jump Boost to Player596]
[13:14:09] [Render thread/INFO] (net.minecraft.client.gui.hud.ChatHud) [CHAT] [@: Applied effect Jump Boost to Player596]
[13:14:09] [Server thread/INFO] (net.minecraft.server.MinecraftServer) [@: Applied effect Jump Boost to Player596]
[13:14:09] [Render thread/INFO] (net.minecraft.client.gui.hud.ChatHud) [CHAT] [@: Applied effect Jump Boost to Player596]
[13:14:09] [Server thread/INFO] (net.minecraft.server.MinecraftServer) [@: Applied effect Jump Boost to Player596]
[13:14:09] [Render thread/INFO] (net.minecraft.client.gui.hud.ChatHud) [CHAT] [@: Applied effect Jump Boost to Player596]
[13:14:09] [Server thread/INFO] (net.minecraft.server.MinecraftServer) [@: Applied effect Jump Boost to Player596]
[13:14:09] [Render thread/INFO] (net.minecraft.client.gui.hud.ChatHud) [CHAT] [@: Applied effect Jump Boost to Player596]
[13:14:09] [Server thread/INFO] (net.minecraft.server.MinecraftServer) [@: Applied effect Jump Boost to Player596]
[13:14:09] [Render thread/INFO] (net.minecraft.client.gui.hud.ChatHud) [CHAT] [@: Applied effect Jump Boost to Player596]
[13:14:09] [Server thread/INFO] (net.minecraft.server.MinecraftServer) [@: Applied effect Jump Boost to Player596]
[13:14:09] [Render thread/INFO] (net.minecraft.client.gui.hud.ChatHud) [CHAT] [@: Applied effect Jump Boost to Player596]
[13:14:10] [Server thread/INFO] (net.minecraft.server.MinecraftServer) [@: Applied effect Jump Boost to Player596]
[13:14:10] [Render thread/INFO] (net.minecraft.client.gui.hud.ChatHud) [CHAT] [@: Applied effect Jump Boost to Player596]
[13:14:10] [Server thread/INFO] (net.minecraft.server.MinecraftServer) [@: Applied effect Jump Boost to Player596]
[13:14:10] [Render thread/INFO] (net.minecraft.client.gui.hud.ChatHud) [CHAT] [@: Applied effect Jump Boost to Player596]
[13:14:10] [Server thread/INFO] (net.minecraft.server.MinecraftServer) [@: Applied effect Jump Boost to Player596]
[13:14:10] [Render thread/INFO] (net.minecraft.client.gui.hud.ChatHud) [CHAT] [@: Applied effect Jump Boost to Player596]
[13:14:10] [Server thread/INFO] (net.minecraft.server.MinecraftServer) [@: Applied effect Jump Boost to Player596]
[13:14:10] [Render thread/INFO] (net.minecraft.client.gui.hud.ChatHud) [CHAT] [@: Applied effect Jump Boost to Player596]
[13:14:10] [Server thread/INFO] (net.minecraft.server.MinecraftServer) [@: Applied effect Jump Boost to Player596]
[13:14:10] [Render thread/INFO] (net.minecraft.client.gui.hud.ChatHud) [CHAT] [@: Applied effect Jump Boost to Player596]
[13:14:10] [Server thread/INFO] (net.minecraft.server.MinecraftServer) [@: Applied effect Jump Boost to Player596]
[13:14:10] [Render thread/INFO] (net.minecraft.client.gui.hud.ChatHud) [CHAT] [@: Applied effect Jump Boost to Player596]
[13:14:10] [Server thread/INFO] (net.minecraft.server.MinecraftServer) [@: Applied effect Jump Boost to Player596]
[13:14:10] [Render thread/INFO] (net.minecraft.client.gui.hud.ChatHud) [CHAT] [@: Applied effect Jump Boost to Player596]
[13:14:10] [Server thread/INFO] (net.minecraft.server.MinecraftServer) [@: Applied effect Jump Boost to Player596]
[13:14:10] [Render thread/INFO] (net.minecraft.client.gui.hud.ChatHud) [CHAT] [@: Applied effect Jump Boost to Player596]
[13:14:10] [Server thread/INFO] (net.minecraft.server.MinecraftServer) [@: Applied effect Jump Boost to Player596]
[13:14:10] [Render thread/INFO] (net.minecraft.client.gui.hud.ChatHud) [CHAT] [@: Applied effect Jump Boost to Player596]
[13:14:10] [Server thread/INFO] (net.minecraft.server.MinecraftServer) [@: Applied effect Jump Boost to Player596]
[13:14:10] [Render thread/INFO] (net.minecraft.client.gui.hud.ChatHud) [CHAT] [@: Applied effect Jump Boost to Player596]
[13:14:10] [Server thread/INFO] (net.minecraft.server.MinecraftServer) [@: Applied effect Jump Boost to Player596]
[13:14:10] [Render thread/INFO] (net.minecraft.client.gui.hud.ChatHud) [CHAT] [@: Applied effect Jump Boost to Player596]
[13:14:10] [Server thread/INFO] (net.minecraft.server.MinecraftServer) [@: Applied effect Jump Boost to Player596]
[13:14:10] [Render thread/INFO] (net.minecraft.client.gui.hud.ChatHud) [CHAT] [@: Applied effect Jump Boost to Player596]
[13:14:10] [Server thread/INFO] (net.minecraft.server.MinecraftServer) [@: Applied effect Jump Boost to Player596]
[13:14:10] [Render thread/INFO] (net.minecraft.client.gui.hud.ChatHud) [CHAT] [@: Applied effect Jump Boost to Player596]
[13:14:10] [Server thread/INFO] (net.minecraft.server.MinecraftServer) [@: Applied effect Jump Boost to Player596]
[13:14:10] [Render thread/INFO] (net.minecraft.client.gui.hud.ChatHud) [CHAT] [@: Applied effect Jump Boost to Player596]
[13:14:10] [Server thread/INFO] (net.minecraft.server.MinecraftServer) [@: Applied effect Jump Boost to Player596]
[13:14:10] [Render thread/INFO] (net.minecraft.client.gui.hud.ChatHud) [CHAT] [@: Applied effect Jump Boost to Player596]
[13:14:10] [Server thread/INFO] (net.minecraft.server.MinecraftServer) [@: Applied effect Jump Boost to Player596]
[13:14:10] [Render thread/INFO] (net.minecraft.client.gui.hud.ChatHud) [CHAT] [@: Applied effect Jump Boost to Player596]
[13:14:10] [Server thread/INFO] (net.minecraft.server.MinecraftServer) [@: Applied effect Jump Boost to Player596]
[13:14:10] [Render thread/INFO] (net.minecraft.client.gui.hud.ChatHud) [CHAT] [@: Applied effect Jump Boost to Player596]
[13:14:10] [Server thread/INFO] (net.minecraft.server.MinecraftServer) [@: Applied effect Jump Boost to Player596]
[13:14:10] [Render thread/INFO] (net.minecraft.client.gui.hud.ChatHud) [CHAT] [@: Applied effect Jump Boost to Player596]
[13:14:10] [Server thread/INFO] (net.minecraft.server.MinecraftServer) [@: Applied effect Jump Boost to Player596]
[13:14:10] [Render thread/INFO] (net.minecraft.client.gui.hud.ChatHud) [CHAT] [@: Applied effect Jump Boost to Player596]
[13:14:10] [Server thread/INFO] (net.minecraft.server.MinecraftServer) [@: Applied effect Jump Boost to Player596]
[13:14:10] [Render thread/INFO] (net.minecraft.client.gui.hud.ChatHud) [CHAT] [@: Applied effect Jump Boost to Player596]
[13:14:11] [Server thread/INFO] (net.minecraft.server.MinecraftServer) [@: Applied effect Jump Boost to Player596]
[13:14:11] [Render thread/INFO] (net.minecraft.client.gui.hud.ChatHud) [CHAT] [@: Applied effect Jump Boost to Player596]
[13:14:11] [Server thread/INFO] (net.minecraft.server.MinecraftServer) [@: Applied effect Jump Boost to Player596]
[13:14:11] [Render thread/INFO] (net.minecraft.client.gui.hud.ChatHud) [CHAT] [@: Applied effect Jump Boost to Player596]
[13:14:11] [Server thread/INFO] (net.minecraft.server.MinecraftServer) [@: Applied effect Jump Boost to Player596]
[13:14:11] [Render thread/INFO] (net.minecraft.client.gui.hud.ChatHud) [CHAT] [@: Applied effect Jump Boost to Player596]
[13:14:11] [Server thread/INFO] (net.minecraft.server.MinecraftServer) [@: Applied effect Jump Boost to Player596]
[13:14:11] [Render thread/INFO] (net.minecraft.client.gui.hud.ChatHud) [CHAT] [@: Applied effect Jump Boost to Player596]
[13:14:11] [Server thread/INFO] (net.minecraft.server.MinecraftServer) [@: Applied effect Jump Boost to Player596]
[13:14:11] [Render thread/INFO] (net.minecraft.client.gui.hud.ChatHud) [CHAT] [@: Applied effect Jump Boost to Player596]
[13:14:11] [Server thread/INFO] (net.minecraft.server.MinecraftServer) [@: Applied effect Jump Boost to Player596]
[13:14:11] [Render thread/INFO] (net.minecraft.client.gui.hud.ChatHud) [CHAT] [@: Applied effect Jump Boost to Player596]
[13:14:11] [Server thread/INFO] (net.minecraft.server.MinecraftServer) [@: Applied effect Jump Boost to Player596]
[13:14:11] [Render thread/INFO] (net.minecraft.client.gui.hud.ChatHud) [CHAT] [@: Applied effect Jump Boost to Player596]
[13:14:11] [Server thread/INFO] (net.minecraft.server.integrated.IntegratedServer) Saving and pausing game...
[13:14:11] [Server thread/INFO] (net.minecraft.server.MinecraftServer) Saving chunks for level 'ServerLevel[New World]'/minecraft:overworld
[13:14:11] [Server thread/INFO] (net.minecraft.server.MinecraftServer) Saving chunks for level 'ServerLevel[New World]'/minecraft:the_nether
[13:14:11] [Server thread/INFO] (net.minecraft.server.MinecraftServer) Saving chunks for level 'ServerLevel[New World]'/minecraft:the_end
[13:14:19] [Render thread/INFO] (net.minecraft.client.gui.hud.ChatHud) [CHAT] Command set: gamerule commandBlockOutput false
[13:14:19] [Server thread/INFO] (net.minecraft.server.MinecraftServer) [@: Applied effect Jump Boost to Player596]
[13:14:19] [Render thread/INFO] (net.minecraft.client.gui.hud.ChatHud) [CHAT] [@: Applied effect Jump Boost to Player596]
[13:15:02] [Render thread/INFO] (net.minecraft.client.MinecraftClient) Stopping!
[13:15:02] [Server thread/INFO] (net.minecraft.server.network.ServerPlayNetworkHandler) Player596 lost connection: Disconnected
[13:15:02] [Server thread/INFO] (net.minecraft.server.MinecraftServer) Player596 left the game
[13:15:02] [Server thread/INFO] (net.minecraft.server.network.ServerPlayNetworkHandler) Stopping singleplayer server as player logged out
[13:15:02] [Server thread/INFO] (net.minecraft.server.MinecraftServer) Stopping server
[13:15:02] [Server thread/INFO] (net.minecraft.server.MinecraftServer) Saving players
[13:15:02] [Server thread/INFO] (net.minecraft.server.MinecraftServer) Saving worlds
[13:15:02] [Server thread/INFO] (net.minecraft.server.MinecraftServer) Saving chunks for level 'ServerLevel[New World]'/minecraft:overworld
[13:15:03] [Server thread/INFO] (net.minecraft.server.MinecraftServer) Saving chunks for level 'ServerLevel[New World]'/minecraft:the_nether
[13:15:03] [Server thread/INFO] (net.minecraft.server.MinecraftServer) Saving chunks for level 'ServerLevel[New World]'/minecraft:the_end
[13:15:03] [Server thread/INFO] (net.minecraft.server.MinecraftServer) ThreadedAnvilChunkStorage (New World (3)): All chunks are saved
[13:15:03] [Server thread/INFO] (net.minecraft.server.MinecraftServer) ThreadedAnvilChunkStorage (DIM-1): All chunks are saved
[13:15:03] [Server thread/INFO] (net.minecraft.server.MinecraftServer) ThreadedAnvilChunkStorage (DIM1): All chunks are saved
[13:15:03] [Server thread/INFO] (net.minecraft.server.MinecraftServer) ThreadedAnvilChunkStorage: All dimensions are saved
